{"@timestamp":"2022-04-03T22:03:51.183Z","@version":"1","message":"Starting Project1Application v0.0.1-SNAPSHOT using Java 1.8.0_111 on b3be03b0c341 with PID 1 (/project1.jar started by root in /)","logger_name":"com.revature.Project1Application","thread_name":"main","level":"INFO","level_value":20000}
{"@timestamp":"2022-04-03T22:03:51.183Z","@version":"1","message":"Starting Project1Application v0.0.1-SNAPSHOT using Java 1.8.0_111 on b3be03b0c341 with PID 1 (/project1.jar started by root in /)","logger_name":"com.revature.Project1Application","thread_name":"main","level":"INFO","level_value":20000}
{"@timestamp":"2022-04-03T22:03:51.202Z","@version":"1","message":"The following 1 profile is active: \"-\"@profileActive\"\"","logger_name":"com.revature.Project1Application","thread_name":"main","level":"INFO","level_value":20000}
{"@timestamp":"2022-04-03T22:03:51.202Z","@version":"1","message":"The following 1 profile is active: \"-\"@profileActive\"\"","logger_name":"com.revature.Project1Application","thread_name":"main","level":"INFO","level_value":20000}
{"@timestamp":"2022-04-03T22:03:52.45Z","@version":"1","message":"Bootstrapping Spring Data JPA repositories in DEFAULT mode.","logger_name":"org.springframework.data.repository.config.RepositoryConfigurationDelegate","thread_name":"main","level":"INFO","level_value":20000}
{"@timestamp":"2022-04-03T22:03:52.508Z","@version":"1","message":"Finished Spring Data repository scanning in 45 ms. Found 2 JPA repository interfaces.","logger_name":"org.springframework.data.repository.config.RepositoryConfigurationDelegate","thread_name":"main","level":"INFO","level_value":20000}
{"@timestamp":"2022-04-03T22:03:53.25Z","@version":"1","message":"Tomcat initialized with port(s): 8080 (http)","logger_name":"org.springframework.boot.web.embedded.tomcat.TomcatWebServer","thread_name":"main","level":"INFO","level_value":20000}
{"@timestamp":"2022-04-03T22:03:53.271Z","@version":"1","message":"Starting service [Tomcat]","logger_name":"org.apache.catalina.core.StandardService","thread_name":"main","level":"INFO","level_value":20000}
{"@timestamp":"2022-04-03T22:03:53.273Z","@version":"1","message":"Starting Servlet engine: [Apache Tomcat/9.0.60]","logger_name":"org.apache.catalina.core.StandardEngine","thread_name":"main","level":"INFO","level_value":20000}
{"@timestamp":"2022-04-03T22:03:53.383Z","@version":"1","message":"Initializing Spring embedded WebApplicationContext","logger_name":"org.apache.catalina.core.ContainerBase.[Tomcat].[localhost].[/]","thread_name":"main","level":"INFO","level_value":20000}
{"@timestamp":"2022-04-03T22:03:53.384Z","@version":"1","message":"Root WebApplicationContext: initialization completed in 2114 ms","logger_name":"org.springframework.boot.web.servlet.context.ServletWebServerApplicationContext","thread_name":"main","level":"INFO","level_value":20000}
{"@timestamp":"2022-04-03T22:03:53.924Z","@version":"1","message":"HHH000204: Processing PersistenceUnitInfo [name: default]","logger_name":"org.hibernate.jpa.internal.util.LogHelper","thread_name":"main","level":"INFO","level_value":20000}
{"@timestamp":"2022-04-03T22:03:53.983Z","@version":"1","message":"HHH000412: Hibernate ORM core version 5.6.7.Final","logger_name":"org.hibernate.Version","thread_name":"main","level":"INFO","level_value":20000}
{"@timestamp":"2022-04-03T22:03:54.216Z","@version":"1","message":"HCANN000001: Hibernate Commons Annotations {5.1.2.Final}","logger_name":"org.hibernate.annotations.common.Version","thread_name":"main","level":"INFO","level_value":20000}
{"@timestamp":"2022-04-03T22:03:54.355Z","@version":"1","message":"HikariPool-1 - Starting...","logger_name":"com.zaxxer.hikari.HikariDataSource","thread_name":"main","level":"INFO","level_value":20000}
{"@timestamp":"2022-04-03T22:03:55.227Z","@version":"1","message":"HikariPool-1 - Start completed.","logger_name":"com.zaxxer.hikari.HikariDataSource","thread_name":"main","level":"INFO","level_value":20000}
{"@timestamp":"2022-04-03T22:03:55.257Z","@version":"1","message":"HHH000400: Using dialect: org.hibernate.dialect.PostgreSQLDialect","logger_name":"org.hibernate.dialect.Dialect","thread_name":"main","level":"INFO","level_value":20000}
{"@timestamp":"2022-04-03T22:03:56.455Z","@version":"1","message":"HHH000490: Using JtaPlatform implementation: [org.hibernate.engine.transaction.jta.platform.internal.NoJtaPlatform]","logger_name":"org.hibernate.engine.transaction.jta.platform.internal.JtaPlatformInitiator","thread_name":"main","level":"INFO","level_value":20000}
{"@timestamp":"2022-04-03T22:03:56.49Z","@version":"1","message":"Initialized JPA EntityManagerFactory for persistence unit 'default'","logger_name":"org.springframework.orm.jpa.LocalContainerEntityManagerFactoryBean","thread_name":"main","level":"INFO","level_value":20000}
{"@timestamp":"2022-04-03T22:03:57.221Z","@version":"1","message":"spring.jpa.open-in-view is enabled by default. Therefore, database queries may be performed during view rendering. Explicitly configure spring.jpa.open-in-view to disable this warning","logger_name":"org.springframework.boot.autoconfigure.orm.jpa.JpaBaseConfiguration$JpaWebConfiguration","thread_name":"main","level":"WARN","level_value":30000}
{"@timestamp":"2022-04-03T22:03:58.402Z","@version":"1","message":"Exposing 1 endpoint(s) beneath base path '/actuator'","logger_name":"org.springframework.boot.actuate.endpoint.web.EndpointLinksResolver","thread_name":"main","level":"INFO","level_value":20000}
{"@timestamp":"2022-04-03T22:03:58.524Z","@version":"1","message":"Tomcat started on port(s): 8080 (http) with context path ''","logger_name":"org.springframework.boot.web.embedded.tomcat.TomcatWebServer","thread_name":"main","level":"INFO","level_value":20000}
{"@timestamp":"2022-04-03T22:03:58.552Z","@version":"1","message":"Started Project1Application in 8.449 seconds (JVM running for 9.303)","logger_name":"com.revature.Project1Application","thread_name":"main","level":"INFO","level_value":20000}
{"@timestamp":"2022-04-03T22:03:58.552Z","@version":"1","message":"Started Project1Application in 8.449 seconds (JVM running for 9.303)","logger_name":"com.revature.Project1Application","thread_name":"main","level":"INFO","level_value":20000}
{"@timestamp":"2022-04-03T22:05:18.074Z","@version":"1","message":"Initializing Spring DispatcherServlet 'dispatcherServlet'","logger_name":"org.apache.catalina.core.ContainerBase.[Tomcat].[localhost].[/]","thread_name":"http-nio-8080-exec-1","level":"INFO","level_value":20000}
{"@timestamp":"2022-04-03T22:05:18.075Z","@version":"1","message":"Initializing Servlet 'dispatcherServlet'","logger_name":"org.springframework.web.servlet.DispatcherServlet","thread_name":"http-nio-8080-exec-1","level":"INFO","level_value":20000}
{"@timestamp":"2022-04-03T22:05:18.08Z","@version":"1","message":"Completed initialization in 3 ms","logger_name":"org.springframework.web.servlet.DispatcherServlet","thread_name":"http-nio-8080-exec-1","level":"INFO","level_value":20000}
{"@timestamp":"2022-04-03T22:05:18.136Z","@version":"1","message":"HTTP Request for all beers","logger_name":"com.revature.controllers.BeerController","thread_name":"http-nio-8080-exec-1","level":"INFO","level_value":20000}
{"@timestamp":"2022-04-03T22:05:18.136Z","@version":"1","message":"HTTP Request for all beers","logger_name":"com.revature.controllers.BeerController","thread_name":"http-nio-8080-exec-1","level":"INFO","level_value":20000}
{"@timestamp":"2022-04-03T22:28:20.253Z","@version":"1","message":"Closing JPA EntityManagerFactory for persistence unit 'default'","logger_name":"org.springframework.orm.jpa.LocalContainerEntityManagerFactoryBean","thread_name":"SpringApplicationShutdownHook","level":"INFO","level_value":20000}
{"@timestamp":"2022-04-03T22:28:20.302Z","@version":"1","message":"HikariPool-1 - Shutdown initiated...","logger_name":"com.zaxxer.hikari.HikariDataSource","thread_name":"SpringApplicationShutdownHook","level":"INFO","level_value":20000}
{"@timestamp":"2022-04-03T22:28:20.377Z","@version":"1","message":"HikariPool-1 - Shutdown completed.","logger_name":"com.zaxxer.hikari.HikariDataSource","thread_name":"SpringApplicationShutdownHook","level":"INFO","level_value":20000}
{"@timestamp":"2022-04-03T22:32:32.026Z","@version":"1","message":"Starting Project1Application v0.0.1-SNAPSHOT using Java 1.8.0_111 on b76a3eb0ee0e with PID 1 (/project1.jar started by root in /)","logger_name":"com.revature.Project1Application","thread_name":"main","level":"INFO","level_value":20000}
{"@timestamp":"2022-04-03T22:32:32.026Z","@version":"1","message":"Starting Project1Application v0.0.1-SNAPSHOT using Java 1.8.0_111 on b76a3eb0ee0e with PID 1 (/project1.jar started by root in /)","logger_name":"com.revature.Project1Application","thread_name":"main","level":"INFO","level_value":20000}
{"@timestamp":"2022-04-03T22:32:32.044Z","@version":"1","message":"The following 1 profile is active: \"-\"@profileActive\"\"","logger_name":"com.revature.Project1Application","thread_name":"main","level":"INFO","level_value":20000}
{"@timestamp":"2022-04-03T22:32:32.044Z","@version":"1","message":"The following 1 profile is active: \"-\"@profileActive\"\"","logger_name":"com.revature.Project1Application","thread_name":"main","level":"INFO","level_value":20000}
{"@timestamp":"2022-04-03T22:32:33.312Z","@version":"1","message":"Bootstrapping Spring Data JPA repositories in DEFAULT mode.","logger_name":"org.springframework.data.repository.config.RepositoryConfigurationDelegate","thread_name":"main","level":"INFO","level_value":20000}
{"@timestamp":"2022-04-03T22:32:33.378Z","@version":"1","message":"Finished Spring Data repository scanning in 53 ms. Found 2 JPA repository interfaces.","logger_name":"org.springframework.data.repository.config.RepositoryConfigurationDelegate","thread_name":"main","level":"INFO","level_value":20000}
{"@timestamp":"2022-04-03T22:32:34.187Z","@version":"1","message":"Tomcat initialized with port(s): 8080 (http)","logger_name":"org.springframework.boot.web.embedded.tomcat.TomcatWebServer","thread_name":"main","level":"INFO","level_value":20000}
{"@timestamp":"2022-04-03T22:32:34.207Z","@version":"1","message":"Starting service [Tomcat]","logger_name":"org.apache.catalina.core.StandardService","thread_name":"main","level":"INFO","level_value":20000}
{"@timestamp":"2022-04-03T22:32:34.209Z","@version":"1","message":"Starting Servlet engine: [Apache Tomcat/9.0.60]","logger_name":"org.apache.catalina.core.StandardEngine","thread_name":"main","level":"INFO","level_value":20000}
{"@timestamp":"2022-04-03T22:32:34.319Z","@version":"1","message":"Initializing Spring embedded WebApplicationContext","logger_name":"org.apache.catalina.core.ContainerBase.[Tomcat].[localhost].[/]","thread_name":"main","level":"INFO","level_value":20000}
{"@timestamp":"2022-04-03T22:32:34.32Z","@version":"1","message":"Root WebApplicationContext: initialization completed in 2207 ms","logger_name":"org.springframework.boot.web.servlet.context.ServletWebServerApplicationContext","thread_name":"main","level":"INFO","level_value":20000}
{"@timestamp":"2022-04-03T22:32:34.859Z","@version":"1","message":"HHH000204: Processing PersistenceUnitInfo [name: default]","logger_name":"org.hibernate.jpa.internal.util.LogHelper","thread_name":"main","level":"INFO","level_value":20000}
{"@timestamp":"2022-04-03T22:32:34.921Z","@version":"1","message":"HHH000412: Hibernate ORM core version 5.6.7.Final","logger_name":"org.hibernate.Version","thread_name":"main","level":"INFO","level_value":20000}
{"@timestamp":"2022-04-03T22:32:35.149Z","@version":"1","message":"HCANN000001: Hibernate Commons Annotations {5.1.2.Final}","logger_name":"org.hibernate.annotations.common.Version","thread_name":"main","level":"INFO","level_value":20000}
{"@timestamp":"2022-04-03T22:32:35.308Z","@version":"1","message":"HikariPool-1 - Starting...","logger_name":"com.zaxxer.hikari.HikariDataSource","thread_name":"main","level":"INFO","level_value":20000}
{"@timestamp":"2022-04-03T22:32:36.603Z","@version":"1","message":"HikariPool-1 - Start completed.","logger_name":"com.zaxxer.hikari.HikariDataSource","thread_name":"main","level":"INFO","level_value":20000}
{"@timestamp":"2022-04-03T22:32:36.628Z","@version":"1","message":"HHH000400: Using dialect: org.hibernate.dialect.PostgreSQLDialect","logger_name":"org.hibernate.dialect.Dialect","thread_name":"main","level":"INFO","level_value":20000}
{"@timestamp":"2022-04-03T22:32:38.297Z","@version":"1","message":"HHH000490: Using JtaPlatform implementation: [org.hibernate.engine.transaction.jta.platform.internal.NoJtaPlatform]","logger_name":"org.hibernate.engine.transaction.jta.platform.internal.JtaPlatformInitiator","thread_name":"main","level":"INFO","level_value":20000}
{"@timestamp":"2022-04-03T22:32:38.328Z","@version":"1","message":"Initialized JPA EntityManagerFactory for persistence unit 'default'","logger_name":"org.springframework.orm.jpa.LocalContainerEntityManagerFactoryBean","thread_name":"main","level":"INFO","level_value":20000}
{"@timestamp":"2022-04-03T22:32:39.198Z","@version":"1","message":"spring.jpa.open-in-view is enabled by default. Therefore, database queries may be performed during view rendering. Explicitly configure spring.jpa.open-in-view to disable this warning","logger_name":"org.springframework.boot.autoconfigure.orm.jpa.JpaBaseConfiguration$JpaWebConfiguration","thread_name":"main","level":"WARN","level_value":30000}
{"@timestamp":"2022-04-03T22:32:40.714Z","@version":"1","message":"Exposing 1 endpoint(s) beneath base path '/actuator'","logger_name":"org.springframework.boot.actuate.endpoint.web.EndpointLinksResolver","thread_name":"main","level":"INFO","level_value":20000}
{"@timestamp":"2022-04-03T22:32:40.811Z","@version":"1","message":"Tomcat started on port(s): 8080 (http) with context path ''","logger_name":"org.springframework.boot.web.embedded.tomcat.TomcatWebServer","thread_name":"main","level":"INFO","level_value":20000}
{"@timestamp":"2022-04-03T22:32:40.84Z","@version":"1","message":"Started Project1Application in 9.872 seconds (JVM running for 10.817)","logger_name":"com.revature.Project1Application","thread_name":"main","level":"INFO","level_value":20000}
{"@timestamp":"2022-04-03T22:32:40.84Z","@version":"1","message":"Started Project1Application in 9.872 seconds (JVM running for 10.817)","logger_name":"com.revature.Project1Application","thread_name":"main","level":"INFO","level_value":20000}
{"@timestamp":"2022-04-03T22:39:03.991Z","@version":"1","message":"Closing JPA EntityManagerFactory for persistence unit 'default'","logger_name":"org.springframework.orm.jpa.LocalContainerEntityManagerFactoryBean","thread_name":"SpringApplicationShutdownHook","level":"INFO","level_value":20000}
{"@timestamp":"2022-04-03T22:39:04.011Z","@version":"1","message":"HikariPool-1 - Shutdown initiated...","logger_name":"com.zaxxer.hikari.HikariDataSource","thread_name":"SpringApplicationShutdownHook","level":"INFO","level_value":20000}
{"@timestamp":"2022-04-03T22:39:04.094Z","@version":"1","message":"HikariPool-1 - Shutdown completed.","logger_name":"com.zaxxer.hikari.HikariDataSource","thread_name":"SpringApplicationShutdownHook","level":"INFO","level_value":20000}
{"@timestamp":"2022-04-03T22:39:22.85Z","@version":"1","message":"Starting Project1Application v0.0.1-SNAPSHOT using Java 1.8.0_111 on e16225205375 with PID 1 (/project1.jar started by root in /)","logger_name":"com.revature.Project1Application","thread_name":"main","level":"INFO","level_value":20000}
{"@timestamp":"2022-04-03T22:39:22.85Z","@version":"1","message":"Starting Project1Application v0.0.1-SNAPSHOT using Java 1.8.0_111 on e16225205375 with PID 1 (/project1.jar started by root in /)","logger_name":"com.revature.Project1Application","thread_name":"main","level":"INFO","level_value":20000}
{"@timestamp":"2022-04-03T22:39:22.866Z","@version":"1","message":"The following 1 profile is active: \"-\"@profileActive\"\"","logger_name":"com.revature.Project1Application","thread_name":"main","level":"INFO","level_value":20000}
{"@timestamp":"2022-04-03T22:39:22.866Z","@version":"1","message":"The following 1 profile is active: \"-\"@profileActive\"\"","logger_name":"com.revature.Project1Application","thread_name":"main","level":"INFO","level_value":20000}
{"@timestamp":"2022-04-03T22:39:24.202Z","@version":"1","message":"Bootstrapping Spring Data JPA repositories in DEFAULT mode.","logger_name":"org.springframework.data.repository.config.RepositoryConfigurationDelegate","thread_name":"main","level":"INFO","level_value":20000}
{"@timestamp":"2022-04-03T22:39:24.285Z","@version":"1","message":"Finished Spring Data repository scanning in 69 ms. Found 2 JPA repository interfaces.","logger_name":"org.springframework.data.repository.config.RepositoryConfigurationDelegate","thread_name":"main","level":"INFO","level_value":20000}
{"@timestamp":"2022-04-03T22:39:25.233Z","@version":"1","message":"Tomcat initialized with port(s): 8080 (http)","logger_name":"org.springframework.boot.web.embedded.tomcat.TomcatWebServer","thread_name":"main","level":"INFO","level_value":20000}
{"@timestamp":"2022-04-03T22:39:25.254Z","@version":"1","message":"Starting service [Tomcat]","logger_name":"org.apache.catalina.core.StandardService","thread_name":"main","level":"INFO","level_value":20000}
{"@timestamp":"2022-04-03T22:39:25.255Z","@version":"1","message":"Starting Servlet engine: [Apache Tomcat/9.0.60]","logger_name":"org.apache.catalina.core.StandardEngine","thread_name":"main","level":"INFO","level_value":20000}
{"@timestamp":"2022-04-03T22:39:25.366Z","@version":"1","message":"Initializing Spring embedded WebApplicationContext","logger_name":"org.apache.catalina.core.ContainerBase.[Tomcat].[localhost].[/]","thread_name":"main","level":"INFO","level_value":20000}
{"@timestamp":"2022-04-03T22:39:25.367Z","@version":"1","message":"Root WebApplicationContext: initialization completed in 2435 ms","logger_name":"org.springframework.boot.web.servlet.context.ServletWebServerApplicationContext","thread_name":"main","level":"INFO","level_value":20000}
{"@timestamp":"2022-04-03T22:39:26.16Z","@version":"1","message":"HHH000204: Processing PersistenceUnitInfo [name: default]","logger_name":"org.hibernate.jpa.internal.util.LogHelper","thread_name":"main","level":"INFO","level_value":20000}
{"@timestamp":"2022-04-03T22:39:26.375Z","@version":"1","message":"HHH000412: Hibernate ORM core version 5.6.7.Final","logger_name":"org.hibernate.Version","thread_name":"main","level":"INFO","level_value":20000}
{"@timestamp":"2022-04-03T22:39:26.75Z","@version":"1","message":"HCANN000001: Hibernate Commons Annotations {5.1.2.Final}","logger_name":"org.hibernate.annotations.common.Version","thread_name":"main","level":"INFO","level_value":20000}
{"@timestamp":"2022-04-03T22:39:26.89Z","@version":"1","message":"HikariPool-1 - Starting...","logger_name":"com.zaxxer.hikari.HikariDataSource","thread_name":"main","level":"INFO","level_value":20000}
{"@timestamp":"2022-04-03T22:39:27.713Z","@version":"1","message":"HikariPool-1 - Start completed.","logger_name":"com.zaxxer.hikari.HikariDataSource","thread_name":"main","level":"INFO","level_value":20000}
{"@timestamp":"2022-04-03T22:39:27.751Z","@version":"1","message":"HHH000400: Using dialect: org.hibernate.dialect.PostgreSQLDialect","logger_name":"org.hibernate.dialect.Dialect","thread_name":"main","level":"INFO","level_value":20000}
{"@timestamp":"2022-04-03T22:39:29.09Z","@version":"1","message":"HHH000490: Using JtaPlatform implementation: [org.hibernate.engine.transaction.jta.platform.internal.NoJtaPlatform]","logger_name":"org.hibernate.engine.transaction.jta.platform.internal.JtaPlatformInitiator","thread_name":"main","level":"INFO","level_value":20000}
{"@timestamp":"2022-04-03T22:39:29.11Z","@version":"1","message":"Initialized JPA EntityManagerFactory for persistence unit 'default'","logger_name":"org.springframework.orm.jpa.LocalContainerEntityManagerFactoryBean","thread_name":"main","level":"INFO","level_value":20000}
{"@timestamp":"2022-04-03T22:39:29.686Z","@version":"1","message":"spring.jpa.open-in-view is enabled by default. Therefore, database queries may be performed during view rendering. Explicitly configure spring.jpa.open-in-view to disable this warning","logger_name":"org.springframework.boot.autoconfigure.orm.jpa.JpaBaseConfiguration$JpaWebConfiguration","thread_name":"main","level":"WARN","level_value":30000}
{"@timestamp":"2022-04-03T22:39:30.508Z","@version":"1","message":"Exposing 1 endpoint(s) beneath base path '/actuator'","logger_name":"org.springframework.boot.actuate.endpoint.web.EndpointLinksResolver","thread_name":"main","level":"INFO","level_value":20000}
{"@timestamp":"2022-04-03T22:39:30.59Z","@version":"1","message":"Tomcat started on port(s): 8080 (http) with context path ''","logger_name":"org.springframework.boot.web.embedded.tomcat.TomcatWebServer","thread_name":"main","level":"INFO","level_value":20000}
{"@timestamp":"2022-04-03T22:39:30.627Z","@version":"1","message":"Started Project1Application in 8.893 seconds (JVM running for 9.817)","logger_name":"com.revature.Project1Application","thread_name":"main","level":"INFO","level_value":20000}
{"@timestamp":"2022-04-03T22:39:30.627Z","@version":"1","message":"Started Project1Application in 8.893 seconds (JVM running for 9.817)","logger_name":"com.revature.Project1Application","thread_name":"main","level":"INFO","level_value":20000}
{"@timestamp":"2022-04-03T22:41:48.672Z","@version":"1","message":"Closing JPA EntityManagerFactory for persistence unit 'default'","logger_name":"org.springframework.orm.jpa.LocalContainerEntityManagerFactoryBean","thread_name":"SpringApplicationShutdownHook","level":"INFO","level_value":20000}
{"@timestamp":"2022-04-03T22:41:48.721Z","@version":"1","message":"HikariPool-1 - Shutdown initiated...","logger_name":"com.zaxxer.hikari.HikariDataSource","thread_name":"SpringApplicationShutdownHook","level":"INFO","level_value":20000}
{"@timestamp":"2022-04-03T22:41:48.824Z","@version":"1","message":"HikariPool-1 - Shutdown completed.","logger_name":"com.zaxxer.hikari.HikariDataSource","thread_name":"SpringApplicationShutdownHook","level":"INFO","level_value":20000}
{"@timestamp":"2022-04-03T22:42:07.577Z","@version":"1","message":"Starting Project1Application v0.0.1-SNAPSHOT using Java 1.8.0_111 on 5c1e98074ee1 with PID 1 (/project1.jar started by root in /)","logger_name":"com.revature.Project1Application","thread_name":"main","level":"INFO","level_value":20000}
{"@timestamp":"2022-04-03T22:42:07.577Z","@version":"1","message":"Starting Project1Application v0.0.1-SNAPSHOT using Java 1.8.0_111 on 5c1e98074ee1 with PID 1 (/project1.jar started by root in /)","logger_name":"com.revature.Project1Application","thread_name":"main","level":"INFO","level_value":20000}
{"@timestamp":"2022-04-03T22:42:07.594Z","@version":"1","message":"The following 1 profile is active: \"-\"@profileActive\"\"","logger_name":"com.revature.Project1Application","thread_name":"main","level":"INFO","level_value":20000}
{"@timestamp":"2022-04-03T22:42:07.594Z","@version":"1","message":"The following 1 profile is active: \"-\"@profileActive\"\"","logger_name":"com.revature.Project1Application","thread_name":"main","level":"INFO","level_value":20000}
{"@timestamp":"2022-04-03T22:42:08.872Z","@version":"1","message":"Bootstrapping Spring Data JPA repositories in DEFAULT mode.","logger_name":"org.springframework.data.repository.config.RepositoryConfigurationDelegate","thread_name":"main","level":"INFO","level_value":20000}
{"@timestamp":"2022-04-03T22:42:08.957Z","@version":"1","message":"Finished Spring Data repository scanning in 67 ms. Found 2 JPA repository interfaces.","logger_name":"org.springframework.data.repository.config.RepositoryConfigurationDelegate","thread_name":"main","level":"INFO","level_value":20000}
{"@timestamp":"2022-04-03T22:42:10.126Z","@version":"1","message":"Tomcat initialized with port(s): 8080 (http)","logger_name":"org.springframework.boot.web.embedded.tomcat.TomcatWebServer","thread_name":"main","level":"INFO","level_value":20000}
{"@timestamp":"2022-04-03T22:42:10.152Z","@version":"1","message":"Starting service [Tomcat]","logger_name":"org.apache.catalina.core.StandardService","thread_name":"main","level":"INFO","level_value":20000}
{"@timestamp":"2022-04-03T22:42:10.154Z","@version":"1","message":"Starting Servlet engine: [Apache Tomcat/9.0.60]","logger_name":"org.apache.catalina.core.StandardEngine","thread_name":"main","level":"INFO","level_value":20000}
{"@timestamp":"2022-04-03T22:42:10.326Z","@version":"1","message":"Initializing Spring embedded WebApplicationContext","logger_name":"org.apache.catalina.core.ContainerBase.[Tomcat].[localhost].[/]","thread_name":"main","level":"INFO","level_value":20000}
{"@timestamp":"2022-04-03T22:42:10.342Z","@version":"1","message":"Root WebApplicationContext: initialization completed in 2674 ms","logger_name":"org.springframework.boot.web.servlet.context.ServletWebServerApplicationContext","thread_name":"main","level":"INFO","level_value":20000}
{"@timestamp":"2022-04-03T22:42:11.207Z","@version":"1","message":"HHH000204: Processing PersistenceUnitInfo [name: default]","logger_name":"org.hibernate.jpa.internal.util.LogHelper","thread_name":"main","level":"INFO","level_value":20000}
{"@timestamp":"2022-04-03T22:42:11.275Z","@version":"1","message":"HHH000412: Hibernate ORM core version 5.6.7.Final","logger_name":"org.hibernate.Version","thread_name":"main","level":"INFO","level_value":20000}
{"@timestamp":"2022-04-03T22:42:11.505Z","@version":"1","message":"HCANN000001: Hibernate Commons Annotations {5.1.2.Final}","logger_name":"org.hibernate.annotations.common.Version","thread_name":"main","level":"INFO","level_value":20000}
{"@timestamp":"2022-04-03T22:42:11.631Z","@version":"1","message":"HikariPool-1 - Starting...","logger_name":"com.zaxxer.hikari.HikariDataSource","thread_name":"main","level":"INFO","level_value":20000}
{"@timestamp":"2022-04-03T22:42:12.623Z","@version":"1","message":"HikariPool-1 - Start completed.","logger_name":"com.zaxxer.hikari.HikariDataSource","thread_name":"main","level":"INFO","level_value":20000}
{"@timestamp":"2022-04-03T22:42:12.659Z","@version":"1","message":"HHH000400: Using dialect: org.hibernate.dialect.PostgreSQLDialect","logger_name":"org.hibernate.dialect.Dialect","thread_name":"main","level":"INFO","level_value":20000}
{"@timestamp":"2022-04-03T22:42:13.798Z","@version":"1","message":"HHH000490: Using JtaPlatform implementation: [org.hibernate.engine.transaction.jta.platform.internal.NoJtaPlatform]","logger_name":"org.hibernate.engine.transaction.jta.platform.internal.JtaPlatformInitiator","thread_name":"main","level":"INFO","level_value":20000}
{"@timestamp":"2022-04-03T22:42:13.808Z","@version":"1","message":"Initialized JPA EntityManagerFactory for persistence unit 'default'","logger_name":"org.springframework.orm.jpa.LocalContainerEntityManagerFactoryBean","thread_name":"main","level":"INFO","level_value":20000}
{"@timestamp":"2022-04-03T22:42:14.347Z","@version":"1","message":"spring.jpa.open-in-view is enabled by default. Therefore, database queries may be performed during view rendering. Explicitly configure spring.jpa.open-in-view to disable this warning","logger_name":"org.springframework.boot.autoconfigure.orm.jpa.JpaBaseConfiguration$JpaWebConfiguration","thread_name":"main","level":"WARN","level_value":30000}
{"@timestamp":"2022-04-03T22:42:15.15Z","@version":"1","message":"Exposing 1 endpoint(s) beneath base path '/actuator'","logger_name":"org.springframework.boot.actuate.endpoint.web.EndpointLinksResolver","thread_name":"main","level":"INFO","level_value":20000}
{"@timestamp":"2022-04-03T22:42:15.233Z","@version":"1","message":"Tomcat started on port(s): 8080 (http) with context path ''","logger_name":"org.springframework.boot.web.embedded.tomcat.TomcatWebServer","thread_name":"main","level":"INFO","level_value":20000}
{"@timestamp":"2022-04-03T22:42:15.258Z","@version":"1","message":"Started Project1Application in 8.904 seconds (JVM running for 9.74)","logger_name":"com.revature.Project1Application","thread_name":"main","level":"INFO","level_value":20000}
{"@timestamp":"2022-04-03T22:42:15.258Z","@version":"1","message":"Started Project1Application in 8.904 seconds (JVM running for 9.74)","logger_name":"com.revature.Project1Application","thread_name":"main","level":"INFO","level_value":20000}
{"@timestamp":"2022-04-03T22:49:50.36Z","@version":"1","message":"Closing JPA EntityManagerFactory for persistence unit 'default'","logger_name":"org.springframework.orm.jpa.LocalContainerEntityManagerFactoryBean","thread_name":"SpringApplicationShutdownHook","level":"INFO","level_value":20000}
{"@timestamp":"2022-04-03T22:49:50.374Z","@version":"1","message":"HikariPool-1 - Shutdown initiated...","logger_name":"com.zaxxer.hikari.HikariDataSource","thread_name":"SpringApplicationShutdownHook","level":"INFO","level_value":20000}
{"@timestamp":"2022-04-03T22:49:50.475Z","@version":"1","message":"HikariPool-1 - Shutdown completed.","logger_name":"com.zaxxer.hikari.HikariDataSource","thread_name":"SpringApplicationShutdownHook","level":"INFO","level_value":20000}
{"@timestamp":"2022-04-03T22:54:56.799Z","@version":"1","message":"Starting Project1Application v0.0.1-SNAPSHOT using Java 1.8.0_111 on 4a63325af408 with PID 1 (/project1.jar started by root in /)","logger_name":"com.revature.Project1Application","thread_name":"main","level":"INFO","level_value":20000}
{"@timestamp":"2022-04-03T22:54:56.799Z","@version":"1","message":"Starting Project1Application v0.0.1-SNAPSHOT using Java 1.8.0_111 on 4a63325af408 with PID 1 (/project1.jar started by root in /)","logger_name":"com.revature.Project1Application","thread_name":"main","level":"INFO","level_value":20000}
{"@timestamp":"2022-04-03T22:54:56.817Z","@version":"1","message":"The following 1 profile is active: \"-\"@profileActive\"\"","logger_name":"com.revature.Project1Application","thread_name":"main","level":"INFO","level_value":20000}
{"@timestamp":"2022-04-03T22:54:56.817Z","@version":"1","message":"The following 1 profile is active: \"-\"@profileActive\"\"","logger_name":"com.revature.Project1Application","thread_name":"main","level":"INFO","level_value":20000}
{"@timestamp":"2022-04-03T22:54:58.341Z","@version":"1","message":"Bootstrapping Spring Data JPA repositories in DEFAULT mode.","logger_name":"org.springframework.data.repository.config.RepositoryConfigurationDelegate","thread_name":"main","level":"INFO","level_value":20000}
{"@timestamp":"2022-04-03T22:54:58.439Z","@version":"1","message":"Finished Spring Data repository scanning in 81 ms. Found 2 JPA repository interfaces.","logger_name":"org.springframework.data.repository.config.RepositoryConfigurationDelegate","thread_name":"main","level":"INFO","level_value":20000}
{"@timestamp":"2022-04-03T22:54:59.528Z","@version":"1","message":"Tomcat initialized with port(s): 8080 (http)","logger_name":"org.springframework.boot.web.embedded.tomcat.TomcatWebServer","thread_name":"main","level":"INFO","level_value":20000}
{"@timestamp":"2022-04-03T22:54:59.546Z","@version":"1","message":"Starting service [Tomcat]","logger_name":"org.apache.catalina.core.StandardService","thread_name":"main","level":"INFO","level_value":20000}
{"@timestamp":"2022-04-03T22:54:59.547Z","@version":"1","message":"Starting Servlet engine: [Apache Tomcat/9.0.60]","logger_name":"org.apache.catalina.core.StandardEngine","thread_name":"main","level":"INFO","level_value":20000}
{"@timestamp":"2022-04-03T22:54:59.645Z","@version":"1","message":"Initializing Spring embedded WebApplicationContext","logger_name":"org.apache.catalina.core.ContainerBase.[Tomcat].[localhost].[/]","thread_name":"main","level":"INFO","level_value":20000}
{"@timestamp":"2022-04-03T22:54:59.646Z","@version":"1","message":"Root WebApplicationContext: initialization completed in 2758 ms","logger_name":"org.springframework.boot.web.servlet.context.ServletWebServerApplicationContext","thread_name":"main","level":"INFO","level_value":20000}
{"@timestamp":"2022-04-03T22:55:00.207Z","@version":"1","message":"HHH000204: Processing PersistenceUnitInfo [name: default]","logger_name":"org.hibernate.jpa.internal.util.LogHelper","thread_name":"main","level":"INFO","level_value":20000}
{"@timestamp":"2022-04-03T22:55:00.284Z","@version":"1","message":"HHH000412: Hibernate ORM core version 5.6.7.Final","logger_name":"org.hibernate.Version","thread_name":"main","level":"INFO","level_value":20000}
{"@timestamp":"2022-04-03T22:55:00.488Z","@version":"1","message":"HCANN000001: Hibernate Commons Annotations {5.1.2.Final}","logger_name":"org.hibernate.annotations.common.Version","thread_name":"main","level":"INFO","level_value":20000}
{"@timestamp":"2022-04-03T22:55:00.608Z","@version":"1","message":"HikariPool-1 - Starting...","logger_name":"com.zaxxer.hikari.HikariDataSource","thread_name":"main","level":"INFO","level_value":20000}
{"@timestamp":"2022-04-03T22:55:01.555Z","@version":"1","message":"HikariPool-1 - Start completed.","logger_name":"com.zaxxer.hikari.HikariDataSource","thread_name":"main","level":"INFO","level_value":20000}
{"@timestamp":"2022-04-03T22:55:01.607Z","@version":"1","message":"HHH000400: Using dialect: org.hibernate.dialect.PostgreSQLDialect","logger_name":"org.hibernate.dialect.Dialect","thread_name":"main","level":"INFO","level_value":20000}
{"@timestamp":"2022-04-03T22:55:02.676Z","@version":"1","message":"HHH000490: Using JtaPlatform implementation: [org.hibernate.engine.transaction.jta.platform.internal.NoJtaPlatform]","logger_name":"org.hibernate.engine.transaction.jta.platform.internal.JtaPlatformInitiator","thread_name":"main","level":"INFO","level_value":20000}
{"@timestamp":"2022-04-03T22:55:02.694Z","@version":"1","message":"Initialized JPA EntityManagerFactory for persistence unit 'default'","logger_name":"org.springframework.orm.jpa.LocalContainerEntityManagerFactoryBean","thread_name":"main","level":"INFO","level_value":20000}
{"@timestamp":"2022-04-03T22:55:03.285Z","@version":"1","message":"spring.jpa.open-in-view is enabled by default. Therefore, database queries may be performed during view rendering. Explicitly configure spring.jpa.open-in-view to disable this warning","logger_name":"org.springframework.boot.autoconfigure.orm.jpa.JpaBaseConfiguration$JpaWebConfiguration","thread_name":"main","level":"WARN","level_value":30000}
{"@timestamp":"2022-04-03T22:55:04.196Z","@version":"1","message":"Exposing 1 endpoint(s) beneath base path '/actuator'","logger_name":"org.springframework.boot.actuate.endpoint.web.EndpointLinksResolver","thread_name":"main","level":"INFO","level_value":20000}
{"@timestamp":"2022-04-03T22:55:04.27Z","@version":"1","message":"Tomcat started on port(s): 8080 (http) with context path ''","logger_name":"org.springframework.boot.web.embedded.tomcat.TomcatWebServer","thread_name":"main","level":"INFO","level_value":20000}
{"@timestamp":"2022-04-03T22:55:04.294Z","@version":"1","message":"Started Project1Application in 8.617 seconds (JVM running for 9.544)","logger_name":"com.revature.Project1Application","thread_name":"main","level":"INFO","level_value":20000}
{"@timestamp":"2022-04-03T22:55:04.294Z","@version":"1","message":"Started Project1Application in 8.617 seconds (JVM running for 9.544)","logger_name":"com.revature.Project1Application","thread_name":"main","level":"INFO","level_value":20000}
{"@timestamp":"2022-04-03T23:07:13.474Z","@version":"1","message":"Closing JPA EntityManagerFactory for persistence unit 'default'","logger_name":"org.springframework.orm.jpa.LocalContainerEntityManagerFactoryBean","thread_name":"SpringApplicationShutdownHook","level":"INFO","level_value":20000}
{"@timestamp":"2022-04-03T23:07:13.483Z","@version":"1","message":"HikariPool-1 - Shutdown initiated...","logger_name":"com.zaxxer.hikari.HikariDataSource","thread_name":"SpringApplicationShutdownHook","level":"INFO","level_value":20000}
{"@timestamp":"2022-04-03T23:07:13.539Z","@version":"1","message":"HikariPool-1 - Shutdown completed.","logger_name":"com.zaxxer.hikari.HikariDataSource","thread_name":"SpringApplicationShutdownHook","level":"INFO","level_value":20000}
{"@timestamp":"2022-04-03T23:08:35.098Z","@version":"1","message":"Starting Project1Application v0.0.1-SNAPSHOT using Java 1.8.0_111 on 84ceb6643826 with PID 1 (/project1.jar started by root in /)","logger_name":"com.revature.Project1Application","thread_name":"main","level":"INFO","level_value":20000}
{"@timestamp":"2022-04-03T23:08:35.098Z","@version":"1","message":"Starting Project1Application v0.0.1-SNAPSHOT using Java 1.8.0_111 on 84ceb6643826 with PID 1 (/project1.jar started by root in /)","logger_name":"com.revature.Project1Application","thread_name":"main","level":"INFO","level_value":20000}
{"@timestamp":"2022-04-03T23:08:35.119Z","@version":"1","message":"The following 1 profile is active: \"-\"@profileActive\"\"","logger_name":"com.revature.Project1Application","thread_name":"main","level":"INFO","level_value":20000}
{"@timestamp":"2022-04-03T23:08:35.119Z","@version":"1","message":"The following 1 profile is active: \"-\"@profileActive\"\"","logger_name":"com.revature.Project1Application","thread_name":"main","level":"INFO","level_value":20000}
{"@timestamp":"2022-04-03T23:08:37.117Z","@version":"1","message":"Bootstrapping Spring Data JPA repositories in DEFAULT mode.","logger_name":"org.springframework.data.repository.config.RepositoryConfigurationDelegate","thread_name":"main","level":"INFO","level_value":20000}
{"@timestamp":"2022-04-03T23:08:37.215Z","@version":"1","message":"Finished Spring Data repository scanning in 82 ms. Found 2 JPA repository interfaces.","logger_name":"org.springframework.data.repository.config.RepositoryConfigurationDelegate","thread_name":"main","level":"INFO","level_value":20000}
{"@timestamp":"2022-04-03T23:08:39.094Z","@version":"1","message":"Tomcat initialized with port(s): 8080 (http)","logger_name":"org.springframework.boot.web.embedded.tomcat.TomcatWebServer","thread_name":"main","level":"INFO","level_value":20000}
{"@timestamp":"2022-04-03T23:08:39.116Z","@version":"1","message":"Starting service [Tomcat]","logger_name":"org.apache.catalina.core.StandardService","thread_name":"main","level":"INFO","level_value":20000}
{"@timestamp":"2022-04-03T23:08:39.117Z","@version":"1","message":"Starting Servlet engine: [Apache Tomcat/9.0.60]","logger_name":"org.apache.catalina.core.StandardEngine","thread_name":"main","level":"INFO","level_value":20000}
{"@timestamp":"2022-04-03T23:08:39.241Z","@version":"1","message":"Initializing Spring embedded WebApplicationContext","logger_name":"org.apache.catalina.core.ContainerBase.[Tomcat].[localhost].[/]","thread_name":"main","level":"INFO","level_value":20000}
{"@timestamp":"2022-04-03T23:08:39.242Z","@version":"1","message":"Root WebApplicationContext: initialization completed in 4051 ms","logger_name":"org.springframework.boot.web.servlet.context.ServletWebServerApplicationContext","thread_name":"main","level":"INFO","level_value":20000}
{"@timestamp":"2022-04-03T23:08:40.384Z","@version":"1","message":"HHH000204: Processing PersistenceUnitInfo [name: default]","logger_name":"org.hibernate.jpa.internal.util.LogHelper","thread_name":"main","level":"INFO","level_value":20000}
{"@timestamp":"2022-04-03T23:08:40.467Z","@version":"1","message":"HHH000412: Hibernate ORM core version 5.6.7.Final","logger_name":"org.hibernate.Version","thread_name":"main","level":"INFO","level_value":20000}
{"@timestamp":"2022-04-03T23:08:40.714Z","@version":"1","message":"HCANN000001: Hibernate Commons Annotations {5.1.2.Final}","logger_name":"org.hibernate.annotations.common.Version","thread_name":"main","level":"INFO","level_value":20000}
{"@timestamp":"2022-04-03T23:08:41.013Z","@version":"1","message":"HikariPool-1 - Starting...","logger_name":"com.zaxxer.hikari.HikariDataSource","thread_name":"main","level":"INFO","level_value":20000}
{"@timestamp":"2022-04-03T23:08:42.172Z","@version":"1","message":"HikariPool-1 - Start completed.","logger_name":"com.zaxxer.hikari.HikariDataSource","thread_name":"main","level":"INFO","level_value":20000}
{"@timestamp":"2022-04-03T23:08:42.201Z","@version":"1","message":"HHH000400: Using dialect: org.hibernate.dialect.PostgreSQLDialect","logger_name":"org.hibernate.dialect.Dialect","thread_name":"main","level":"INFO","level_value":20000}
{"@timestamp":"2022-04-03T23:08:43.343Z","@version":"1","message":"HHH000490: Using JtaPlatform implementation: [org.hibernate.engine.transaction.jta.platform.internal.NoJtaPlatform]","logger_name":"org.hibernate.engine.transaction.jta.platform.internal.JtaPlatformInitiator","thread_name":"main","level":"INFO","level_value":20000}
{"@timestamp":"2022-04-03T23:08:43.36Z","@version":"1","message":"Initialized JPA EntityManagerFactory for persistence unit 'default'","logger_name":"org.springframework.orm.jpa.LocalContainerEntityManagerFactoryBean","thread_name":"main","level":"INFO","level_value":20000}
{"@timestamp":"2022-04-03T23:08:44.514Z","@version":"1","message":"spring.jpa.open-in-view is enabled by default. Therefore, database queries may be performed during view rendering. Explicitly configure spring.jpa.open-in-view to disable this warning","logger_name":"org.springframework.boot.autoconfigure.orm.jpa.JpaBaseConfiguration$JpaWebConfiguration","thread_name":"main","level":"WARN","level_value":30000}
{"@timestamp":"2022-04-03T23:08:46.221Z","@version":"1","message":"Exposing 1 endpoint(s) beneath base path '/actuator'","logger_name":"org.springframework.boot.actuate.endpoint.web.EndpointLinksResolver","thread_name":"main","level":"INFO","level_value":20000}
{"@timestamp":"2022-04-03T23:08:46.522Z","@version":"1","message":"Tomcat started on port(s): 8080 (http) with context path ''","logger_name":"org.springframework.boot.web.embedded.tomcat.TomcatWebServer","thread_name":"main","level":"INFO","level_value":20000}
{"@timestamp":"2022-04-03T23:08:46.622Z","@version":"1","message":"Started Project1Application in 12.701 seconds (JVM running for 14.293)","logger_name":"com.revature.Project1Application","thread_name":"main","level":"INFO","level_value":20000}
{"@timestamp":"2022-04-03T23:08:46.622Z","@version":"1","message":"Started Project1Application in 12.701 seconds (JVM running for 14.293)","logger_name":"com.revature.Project1Application","thread_name":"main","level":"INFO","level_value":20000}
{"@timestamp":"2022-04-03T23:26:42.971Z","@version":"1","message":"Initializing Spring DispatcherServlet 'dispatcherServlet'","logger_name":"org.apache.catalina.core.ContainerBase.[Tomcat].[localhost].[/]","thread_name":"http-nio-8080-exec-1","level":"INFO","level_value":20000}
{"@timestamp":"2022-04-03T23:26:42.972Z","@version":"1","message":"Initializing Servlet 'dispatcherServlet'","logger_name":"org.springframework.web.servlet.DispatcherServlet","thread_name":"http-nio-8080-exec-1","level":"INFO","level_value":20000}
{"@timestamp":"2022-04-03T23:26:42.975Z","@version":"1","message":"Completed initialization in 2 ms","logger_name":"org.springframework.web.servlet.DispatcherServlet","thread_name":"http-nio-8080-exec-1","level":"INFO","level_value":20000}
{"@timestamp":"2022-04-03T23:26:43.054Z","@version":"1","message":"HTTP Request for all beers","logger_name":"com.revature.controllers.BeerController","thread_name":"http-nio-8080-exec-1","level":"INFO","level_value":20000}
{"@timestamp":"2022-04-03T23:26:43.054Z","@version":"1","message":"HTTP Request for all beers","logger_name":"com.revature.controllers.BeerController","thread_name":"http-nio-8080-exec-1","level":"INFO","level_value":20000}
{"@timestamp":"2022-04-03T23:26:43.091Z","@version":"1","message":"HikariPool-1 - Failed to validate connection org.postgresql.jdbc.PgConnection@70c39ffe (This connection has been closed.). Possibly consider using a shorter maxLifetime value.","logger_name":"com.zaxxer.hikari.pool.PoolBase","thread_name":"http-nio-8080-exec-1","level":"WARN","level_value":30000}
{"@timestamp":"2022-04-03T23:26:43.108Z","@version":"1","message":"HikariPool-1 - Failed to validate connection org.postgresql.jdbc.PgConnection@13e3d450 (This connection has been closed.). Possibly consider using a shorter maxLifetime value.","logger_name":"com.zaxxer.hikari.pool.PoolBase","thread_name":"http-nio-8080-exec-1","level":"WARN","level_value":30000}
{"@timestamp":"2022-04-03T23:26:43.112Z","@version":"1","message":"HikariPool-1 - Failed to validate connection org.postgresql.jdbc.PgConnection@7f3395bd (This connection has been closed.). Possibly consider using a shorter maxLifetime value.","logger_name":"com.zaxxer.hikari.pool.PoolBase","thread_name":"http-nio-8080-exec-1","level":"WARN","level_value":30000}
{"@timestamp":"2022-04-03T23:26:43.117Z","@version":"1","message":"HikariPool-1 - Failed to validate connection org.postgresql.jdbc.PgConnection@43a2929f (This connection has been closed.). Possibly consider using a shorter maxLifetime value.","logger_name":"com.zaxxer.hikari.pool.PoolBase","thread_name":"http-nio-8080-exec-1","level":"WARN","level_value":30000}
{"@timestamp":"2022-04-03T23:26:43.123Z","@version":"1","message":"HikariPool-1 - Failed to validate connection org.postgresql.jdbc.PgConnection@a983d0c (This connection has been closed.). Possibly consider using a shorter maxLifetime value.","logger_name":"com.zaxxer.hikari.pool.PoolBase","thread_name":"http-nio-8080-exec-1","level":"WARN","level_value":30000}
{"@timestamp":"2022-04-03T23:26:43.131Z","@version":"1","message":"HikariPool-1 - Failed to validate connection org.postgresql.jdbc.PgConnection@754295b (This connection has been closed.). Possibly consider using a shorter maxLifetime value.","logger_name":"com.zaxxer.hikari.pool.PoolBase","thread_name":"http-nio-8080-exec-1","level":"WARN","level_value":30000}
{"@timestamp":"2022-04-03T23:26:43.14Z","@version":"1","message":"HikariPool-1 - Failed to validate connection org.postgresql.jdbc.PgConnection@6429da71 (This connection has been closed.). Possibly consider using a shorter maxLifetime value.","logger_name":"com.zaxxer.hikari.pool.PoolBase","thread_name":"http-nio-8080-exec-1","level":"WARN","level_value":30000}
{"@timestamp":"2022-04-03T23:26:43.144Z","@version":"1","message":"HikariPool-1 - Failed to validate connection org.postgresql.jdbc.PgConnection@33c88a01 (This connection has been closed.). Possibly consider using a shorter maxLifetime value.","logger_name":"com.zaxxer.hikari.pool.PoolBase","thread_name":"http-nio-8080-exec-1","level":"WARN","level_value":30000}
{"@timestamp":"2022-04-03T23:26:43.146Z","@version":"1","message":"HikariPool-1 - Failed to validate connection org.postgresql.jdbc.PgConnection@7873b129 (This connection has been closed.). Possibly consider using a shorter maxLifetime value.","logger_name":"com.zaxxer.hikari.pool.PoolBase","thread_name":"http-nio-8080-exec-1","level":"WARN","level_value":30000}
{"@timestamp":"2022-04-03T23:26:43.149Z","@version":"1","message":"HikariPool-1 - Failed to validate connection org.postgresql.jdbc.PgConnection@5e4b518d (This connection has been closed.). Possibly consider using a shorter maxLifetime value.","logger_name":"com.zaxxer.hikari.pool.PoolBase","thread_name":"http-nio-8080-exec-1","level":"WARN","level_value":30000}
{"@timestamp":"2022-04-03T23:27:42.471Z","@version":"1","message":"HTTP Request for all beers","logger_name":"com.revature.controllers.BeerController","thread_name":"http-nio-8080-exec-4","level":"INFO","level_value":20000}
{"@timestamp":"2022-04-03T23:27:42.471Z","@version":"1","message":"HTTP Request for all beers","logger_name":"com.revature.controllers.BeerController","thread_name":"http-nio-8080-exec-4","level":"INFO","level_value":20000}
{"@timestamp":"2022-04-03T23:31:03.998Z","@version":"1","message":"Closing JPA EntityManagerFactory for persistence unit 'default'","logger_name":"org.springframework.orm.jpa.LocalContainerEntityManagerFactoryBean","thread_name":"SpringApplicationShutdownHook","level":"INFO","level_value":20000}
{"@timestamp":"2022-04-03T23:31:04.013Z","@version":"1","message":"HikariPool-1 - Shutdown initiated...","logger_name":"com.zaxxer.hikari.HikariDataSource","thread_name":"SpringApplicationShutdownHook","level":"INFO","level_value":20000}
{"@timestamp":"2022-04-03T23:31:04.062Z","@version":"1","message":"HikariPool-1 - Shutdown completed.","logger_name":"com.zaxxer.hikari.HikariDataSource","thread_name":"SpringApplicationShutdownHook","level":"INFO","level_value":20000}
{"@timestamp":"2022-04-03T23:34:39.132Z","@version":"1","message":"Starting Project1Application v0.0.1-SNAPSHOT using Java 1.8.0_111 on 65be2615f6b4 with PID 1 (/project1.jar started by root in /)","logger_name":"com.revature.Project1Application","thread_name":"main","level":"INFO","level_value":20000}
{"@timestamp":"2022-04-03T23:34:39.132Z","@version":"1","message":"Starting Project1Application v0.0.1-SNAPSHOT using Java 1.8.0_111 on 65be2615f6b4 with PID 1 (/project1.jar started by root in /)","logger_name":"com.revature.Project1Application","thread_name":"main","level":"INFO","level_value":20000}
{"@timestamp":"2022-04-03T23:34:39.153Z","@version":"1","message":"The following 1 profile is active: \"-\"@profileActive\"\"","logger_name":"com.revature.Project1Application","thread_name":"main","level":"INFO","level_value":20000}
{"@timestamp":"2022-04-03T23:34:39.153Z","@version":"1","message":"The following 1 profile is active: \"-\"@profileActive\"\"","logger_name":"com.revature.Project1Application","thread_name":"main","level":"INFO","level_value":20000}
{"@timestamp":"2022-04-03T23:34:40.778Z","@version":"1","message":"Bootstrapping Spring Data JPA repositories in DEFAULT mode.","logger_name":"org.springframework.data.repository.config.RepositoryConfigurationDelegate","thread_name":"main","level":"INFO","level_value":20000}
{"@timestamp":"2022-04-03T23:34:40.863Z","@version":"1","message":"Finished Spring Data repository scanning in 72 ms. Found 2 JPA repository interfaces.","logger_name":"org.springframework.data.repository.config.RepositoryConfigurationDelegate","thread_name":"main","level":"INFO","level_value":20000}
{"@timestamp":"2022-04-03T23:34:41.975Z","@version":"1","message":"Tomcat initialized with port(s): 8080 (http)","logger_name":"org.springframework.boot.web.embedded.tomcat.TomcatWebServer","thread_name":"main","level":"INFO","level_value":20000}
{"@timestamp":"2022-04-03T23:34:42.007Z","@version":"1","message":"Starting service [Tomcat]","logger_name":"org.apache.catalina.core.StandardService","thread_name":"main","level":"INFO","level_value":20000}
{"@timestamp":"2022-04-03T23:34:42.008Z","@version":"1","message":"Starting Servlet engine: [Apache Tomcat/9.0.60]","logger_name":"org.apache.catalina.core.StandardEngine","thread_name":"main","level":"INFO","level_value":20000}
{"@timestamp":"2022-04-03T23:34:42.159Z","@version":"1","message":"Initializing Spring embedded WebApplicationContext","logger_name":"org.apache.catalina.core.ContainerBase.[Tomcat].[localhost].[/]","thread_name":"main","level":"INFO","level_value":20000}
{"@timestamp":"2022-04-03T23:34:42.16Z","@version":"1","message":"Root WebApplicationContext: initialization completed in 2874 ms","logger_name":"org.springframework.boot.web.servlet.context.ServletWebServerApplicationContext","thread_name":"main","level":"INFO","level_value":20000}
{"@timestamp":"2022-04-03T23:34:42.915Z","@version":"1","message":"HHH000204: Processing PersistenceUnitInfo [name: default]","logger_name":"org.hibernate.jpa.internal.util.LogHelper","thread_name":"main","level":"INFO","level_value":20000}
{"@timestamp":"2022-04-03T23:34:42.995Z","@version":"1","message":"HHH000412: Hibernate ORM core version 5.6.7.Final","logger_name":"org.hibernate.Version","thread_name":"main","level":"INFO","level_value":20000}
{"@timestamp":"2022-04-03T23:34:43.21Z","@version":"1","message":"HCANN000001: Hibernate Commons Annotations {5.1.2.Final}","logger_name":"org.hibernate.annotations.common.Version","thread_name":"main","level":"INFO","level_value":20000}
{"@timestamp":"2022-04-03T23:34:43.368Z","@version":"1","message":"HikariPool-1 - Starting...","logger_name":"com.zaxxer.hikari.HikariDataSource","thread_name":"main","level":"INFO","level_value":20000}
{"@timestamp":"2022-04-03T23:34:44.208Z","@version":"1","message":"HikariPool-1 - Start completed.","logger_name":"com.zaxxer.hikari.HikariDataSource","thread_name":"main","level":"INFO","level_value":20000}
{"@timestamp":"2022-04-03T23:34:44.234Z","@version":"1","message":"HHH000400: Using dialect: org.hibernate.dialect.PostgreSQLDialect","logger_name":"org.hibernate.dialect.Dialect","thread_name":"main","level":"INFO","level_value":20000}
{"@timestamp":"2022-04-03T23:34:45.322Z","@version":"1","message":"HHH000490: Using JtaPlatform implementation: [org.hibernate.engine.transaction.jta.platform.internal.NoJtaPlatform]","logger_name":"org.hibernate.engine.transaction.jta.platform.internal.JtaPlatformInitiator","thread_name":"main","level":"INFO","level_value":20000}
{"@timestamp":"2022-04-03T23:34:45.335Z","@version":"1","message":"Initialized JPA EntityManagerFactory for persistence unit 'default'","logger_name":"org.springframework.orm.jpa.LocalContainerEntityManagerFactoryBean","thread_name":"main","level":"INFO","level_value":20000}
{"@timestamp":"2022-04-03T23:34:45.995Z","@version":"1","message":"spring.jpa.open-in-view is enabled by default. Therefore, database queries may be performed during view rendering. Explicitly configure spring.jpa.open-in-view to disable this warning","logger_name":"org.springframework.boot.autoconfigure.orm.jpa.JpaBaseConfiguration$JpaWebConfiguration","thread_name":"main","level":"WARN","level_value":30000}
{"@timestamp":"2022-04-03T23:34:47.301Z","@version":"1","message":"Exposing 1 endpoint(s) beneath base path '/actuator'","logger_name":"org.springframework.boot.actuate.endpoint.web.EndpointLinksResolver","thread_name":"main","level":"INFO","level_value":20000}
{"@timestamp":"2022-04-03T23:34:47.426Z","@version":"1","message":"Tomcat started on port(s): 8080 (http) with context path ''","logger_name":"org.springframework.boot.web.embedded.tomcat.TomcatWebServer","thread_name":"main","level":"INFO","level_value":20000}
{"@timestamp":"2022-04-03T23:34:47.463Z","@version":"1","message":"Started Project1Application in 9.588 seconds (JVM running for 10.444)","logger_name":"com.revature.Project1Application","thread_name":"main","level":"INFO","level_value":20000}
{"@timestamp":"2022-04-03T23:34:47.463Z","@version":"1","message":"Started Project1Application in 9.588 seconds (JVM running for 10.444)","logger_name":"com.revature.Project1Application","thread_name":"main","level":"INFO","level_value":20000}
{"@timestamp":"2022-04-03T23:34:49.738Z","@version":"1","message":"Initializing Spring DispatcherServlet 'dispatcherServlet'","logger_name":"org.apache.catalina.core.ContainerBase.[Tomcat].[localhost].[/]","thread_name":"http-nio-8080-exec-1","level":"INFO","level_value":20000}
{"@timestamp":"2022-04-03T23:34:49.743Z","@version":"1","message":"Initializing Servlet 'dispatcherServlet'","logger_name":"org.springframework.web.servlet.DispatcherServlet","thread_name":"http-nio-8080-exec-1","level":"INFO","level_value":20000}
{"@timestamp":"2022-04-03T23:34:49.746Z","@version":"1","message":"Completed initialization in 2 ms","logger_name":"org.springframework.web.servlet.DispatcherServlet","thread_name":"http-nio-8080-exec-1","level":"INFO","level_value":20000}
{"@timestamp":"2022-04-03T23:34:49.811Z","@version":"1","message":"HTTP Request for all beers","logger_name":"com.revature.controllers.BeerController","thread_name":"http-nio-8080-exec-1","level":"INFO","level_value":20000}
{"@timestamp":"2022-04-03T23:34:49.811Z","@version":"1","message":"HTTP Request for all beers","logger_name":"com.revature.controllers.BeerController","thread_name":"http-nio-8080-exec-1","level":"INFO","level_value":20000}
{"@timestamp":"2022-04-03T23:47:22.346Z","@version":"1","message":"Closing JPA EntityManagerFactory for persistence unit 'default'","logger_name":"org.springframework.orm.jpa.LocalContainerEntityManagerFactoryBean","thread_name":"SpringApplicationShutdownHook","level":"INFO","level_value":20000}
{"@timestamp":"2022-04-03T23:47:22.399Z","@version":"1","message":"HikariPool-1 - Shutdown initiated...","logger_name":"com.zaxxer.hikari.HikariDataSource","thread_name":"SpringApplicationShutdownHook","level":"INFO","level_value":20000}
{"@timestamp":"2022-04-03T23:47:22.439Z","@version":"1","message":"HikariPool-1 - Shutdown completed.","logger_name":"com.zaxxer.hikari.HikariDataSource","thread_name":"SpringApplicationShutdownHook","level":"INFO","level_value":20000}
{"@timestamp":"2022-04-03T23:49:05.969Z","@version":"1","message":"Starting Project1Application v0.0.1-SNAPSHOT using Java 1.8.0_111 on caa1bb849261 with PID 1 (/project1.jar started by root in /)","logger_name":"com.revature.Project1Application","thread_name":"main","level":"INFO","level_value":20000}
{"@timestamp":"2022-04-03T23:49:05.969Z","@version":"1","message":"Starting Project1Application v0.0.1-SNAPSHOT using Java 1.8.0_111 on caa1bb849261 with PID 1 (/project1.jar started by root in /)","logger_name":"com.revature.Project1Application","thread_name":"main","level":"INFO","level_value":20000}
{"@timestamp":"2022-04-03T23:49:05.987Z","@version":"1","message":"The following 1 profile is active: \"-\"@profileActive\"\"","logger_name":"com.revature.Project1Application","thread_name":"main","level":"INFO","level_value":20000}
{"@timestamp":"2022-04-03T23:49:05.987Z","@version":"1","message":"The following 1 profile is active: \"-\"@profileActive\"\"","logger_name":"com.revature.Project1Application","thread_name":"main","level":"INFO","level_value":20000}
{"@timestamp":"2022-04-03T23:49:07.248Z","@version":"1","message":"Bootstrapping Spring Data JPA repositories in DEFAULT mode.","logger_name":"org.springframework.data.repository.config.RepositoryConfigurationDelegate","thread_name":"main","level":"INFO","level_value":20000}
{"@timestamp":"2022-04-03T23:49:07.322Z","@version":"1","message":"Finished Spring Data repository scanning in 61 ms. Found 2 JPA repository interfaces.","logger_name":"org.springframework.data.repository.config.RepositoryConfigurationDelegate","thread_name":"main","level":"INFO","level_value":20000}
{"@timestamp":"2022-04-03T23:49:08.542Z","@version":"1","message":"Tomcat initialized with port(s): 8080 (http)","logger_name":"org.springframework.boot.web.embedded.tomcat.TomcatWebServer","thread_name":"main","level":"INFO","level_value":20000}
{"@timestamp":"2022-04-03T23:49:08.562Z","@version":"1","message":"Starting service [Tomcat]","logger_name":"org.apache.catalina.core.StandardService","thread_name":"main","level":"INFO","level_value":20000}
{"@timestamp":"2022-04-03T23:49:08.563Z","@version":"1","message":"Starting Servlet engine: [Apache Tomcat/9.0.60]","logger_name":"org.apache.catalina.core.StandardEngine","thread_name":"main","level":"INFO","level_value":20000}
{"@timestamp":"2022-04-03T23:49:08.672Z","@version":"1","message":"Initializing Spring embedded WebApplicationContext","logger_name":"org.apache.catalina.core.ContainerBase.[Tomcat].[localhost].[/]","thread_name":"main","level":"INFO","level_value":20000}
{"@timestamp":"2022-04-03T23:49:08.674Z","@version":"1","message":"Root WebApplicationContext: initialization completed in 2622 ms","logger_name":"org.springframework.boot.web.servlet.context.ServletWebServerApplicationContext","thread_name":"main","level":"INFO","level_value":20000}
{"@timestamp":"2022-04-03T23:49:09.237Z","@version":"1","message":"HHH000204: Processing PersistenceUnitInfo [name: default]","logger_name":"org.hibernate.jpa.internal.util.LogHelper","thread_name":"main","level":"INFO","level_value":20000}
{"@timestamp":"2022-04-03T23:49:09.304Z","@version":"1","message":"HHH000412: Hibernate ORM core version 5.6.7.Final","logger_name":"org.hibernate.Version","thread_name":"main","level":"INFO","level_value":20000}
{"@timestamp":"2022-04-03T23:49:09.521Z","@version":"1","message":"HCANN000001: Hibernate Commons Annotations {5.1.2.Final}","logger_name":"org.hibernate.annotations.common.Version","thread_name":"main","level":"INFO","level_value":20000}
{"@timestamp":"2022-04-03T23:49:09.63Z","@version":"1","message":"HikariPool-1 - Starting...","logger_name":"com.zaxxer.hikari.HikariDataSource","thread_name":"main","level":"INFO","level_value":20000}
{"@timestamp":"2022-04-03T23:49:10.464Z","@version":"1","message":"HikariPool-1 - Start completed.","logger_name":"com.zaxxer.hikari.HikariDataSource","thread_name":"main","level":"INFO","level_value":20000}
{"@timestamp":"2022-04-03T23:49:10.52Z","@version":"1","message":"HHH000400: Using dialect: org.hibernate.dialect.PostgreSQLDialect","logger_name":"org.hibernate.dialect.Dialect","thread_name":"main","level":"INFO","level_value":20000}
{"@timestamp":"2022-04-03T23:49:12.018Z","@version":"1","message":"HHH000490: Using JtaPlatform implementation: [org.hibernate.engine.transaction.jta.platform.internal.NoJtaPlatform]","logger_name":"org.hibernate.engine.transaction.jta.platform.internal.JtaPlatformInitiator","thread_name":"main","level":"INFO","level_value":20000}
{"@timestamp":"2022-04-03T23:49:12.034Z","@version":"1","message":"Initialized JPA EntityManagerFactory for persistence unit 'default'","logger_name":"org.springframework.orm.jpa.LocalContainerEntityManagerFactoryBean","thread_name":"main","level":"INFO","level_value":20000}
{"@timestamp":"2022-04-03T23:49:12.575Z","@version":"1","message":"spring.jpa.open-in-view is enabled by default. Therefore, database queries may be performed during view rendering. Explicitly configure spring.jpa.open-in-view to disable this warning","logger_name":"org.springframework.boot.autoconfigure.orm.jpa.JpaBaseConfiguration$JpaWebConfiguration","thread_name":"main","level":"WARN","level_value":30000}
{"@timestamp":"2022-04-03T23:49:13.409Z","@version":"1","message":"Exposing 1 endpoint(s) beneath base path '/actuator'","logger_name":"org.springframework.boot.actuate.endpoint.web.EndpointLinksResolver","thread_name":"main","level":"INFO","level_value":20000}
{"@timestamp":"2022-04-03T23:49:13.5Z","@version":"1","message":"Tomcat started on port(s): 8080 (http) with context path ''","logger_name":"org.springframework.boot.web.embedded.tomcat.TomcatWebServer","thread_name":"main","level":"INFO","level_value":20000}
{"@timestamp":"2022-04-03T23:49:13.528Z","@version":"1","message":"Started Project1Application in 8.593 seconds (JVM running for 9.649)","logger_name":"com.revature.Project1Application","thread_name":"main","level":"INFO","level_value":20000}
{"@timestamp":"2022-04-03T23:49:13.528Z","@version":"1","message":"Started Project1Application in 8.593 seconds (JVM running for 9.649)","logger_name":"com.revature.Project1Application","thread_name":"main","level":"INFO","level_value":20000}
{"@timestamp":"2022-04-03T23:51:20.085Z","@version":"1","message":"Closing JPA EntityManagerFactory for persistence unit 'default'","logger_name":"org.springframework.orm.jpa.LocalContainerEntityManagerFactoryBean","thread_name":"SpringApplicationShutdownHook","level":"INFO","level_value":20000}
{"@timestamp":"2022-04-03T23:51:20.102Z","@version":"1","message":"HikariPool-1 - Shutdown initiated...","logger_name":"com.zaxxer.hikari.HikariDataSource","thread_name":"SpringApplicationShutdownHook","level":"INFO","level_value":20000}
{"@timestamp":"2022-04-03T23:51:20.177Z","@version":"1","message":"HikariPool-1 - Shutdown completed.","logger_name":"com.zaxxer.hikari.HikariDataSource","thread_name":"SpringApplicationShutdownHook","level":"INFO","level_value":20000}
{"@timestamp":"2022-04-03T23:51:45.445Z","@version":"1","message":"Starting Project1Application v0.0.1-SNAPSHOT using Java 1.8.0_111 on 2fefaf392ed0 with PID 1 (/project1.jar started by root in /)","logger_name":"com.revature.Project1Application","thread_name":"main","level":"INFO","level_value":20000}
{"@timestamp":"2022-04-03T23:51:45.445Z","@version":"1","message":"Starting Project1Application v0.0.1-SNAPSHOT using Java 1.8.0_111 on 2fefaf392ed0 with PID 1 (/project1.jar started by root in /)","logger_name":"com.revature.Project1Application","thread_name":"main","level":"INFO","level_value":20000}
{"@timestamp":"2022-04-03T23:51:45.469Z","@version":"1","message":"The following 1 profile is active: \"-\"@profileActive\"\"","logger_name":"com.revature.Project1Application","thread_name":"main","level":"INFO","level_value":20000}
{"@timestamp":"2022-04-03T23:51:45.469Z","@version":"1","message":"The following 1 profile is active: \"-\"@profileActive\"\"","logger_name":"com.revature.Project1Application","thread_name":"main","level":"INFO","level_value":20000}
{"@timestamp":"2022-04-03T23:51:46.888Z","@version":"1","message":"Bootstrapping Spring Data JPA repositories in DEFAULT mode.","logger_name":"org.springframework.data.repository.config.RepositoryConfigurationDelegate","thread_name":"main","level":"INFO","level_value":20000}
{"@timestamp":"2022-04-03T23:51:46.972Z","@version":"1","message":"Finished Spring Data repository scanning in 67 ms. Found 2 JPA repository interfaces.","logger_name":"org.springframework.data.repository.config.RepositoryConfigurationDelegate","thread_name":"main","level":"INFO","level_value":20000}
{"@timestamp":"2022-04-03T23:51:47.842Z","@version":"1","message":"Tomcat initialized with port(s): 8080 (http)","logger_name":"org.springframework.boot.web.embedded.tomcat.TomcatWebServer","thread_name":"main","level":"INFO","level_value":20000}
{"@timestamp":"2022-04-03T23:51:47.871Z","@version":"1","message":"Starting service [Tomcat]","logger_name":"org.apache.catalina.core.StandardService","thread_name":"main","level":"INFO","level_value":20000}
{"@timestamp":"2022-04-03T23:51:47.873Z","@version":"1","message":"Starting Servlet engine: [Apache Tomcat/9.0.60]","logger_name":"org.apache.catalina.core.StandardEngine","thread_name":"main","level":"INFO","level_value":20000}
{"@timestamp":"2022-04-03T23:51:47.994Z","@version":"1","message":"Initializing Spring embedded WebApplicationContext","logger_name":"org.apache.catalina.core.ContainerBase.[Tomcat].[localhost].[/]","thread_name":"main","level":"INFO","level_value":20000}
{"@timestamp":"2022-04-03T23:51:47.996Z","@version":"1","message":"Root WebApplicationContext: initialization completed in 2429 ms","logger_name":"org.springframework.boot.web.servlet.context.ServletWebServerApplicationContext","thread_name":"main","level":"INFO","level_value":20000}
{"@timestamp":"2022-04-03T23:51:48.814Z","@version":"1","message":"HHH000204: Processing PersistenceUnitInfo [name: default]","logger_name":"org.hibernate.jpa.internal.util.LogHelper","thread_name":"main","level":"INFO","level_value":20000}
{"@timestamp":"2022-04-03T23:51:48.92Z","@version":"1","message":"HHH000412: Hibernate ORM core version 5.6.7.Final","logger_name":"org.hibernate.Version","thread_name":"main","level":"INFO","level_value":20000}
{"@timestamp":"2022-04-03T23:51:49.235Z","@version":"1","message":"HCANN000001: Hibernate Commons Annotations {5.1.2.Final}","logger_name":"org.hibernate.annotations.common.Version","thread_name":"main","level":"INFO","level_value":20000}
{"@timestamp":"2022-04-03T23:51:49.393Z","@version":"1","message":"HikariPool-1 - Starting...","logger_name":"com.zaxxer.hikari.HikariDataSource","thread_name":"main","level":"INFO","level_value":20000}
{"@timestamp":"2022-04-03T23:51:50.379Z","@version":"1","message":"HikariPool-1 - Start completed.","logger_name":"com.zaxxer.hikari.HikariDataSource","thread_name":"main","level":"INFO","level_value":20000}
{"@timestamp":"2022-04-03T23:51:50.43Z","@version":"1","message":"HHH000400: Using dialect: org.hibernate.dialect.PostgreSQLDialect","logger_name":"org.hibernate.dialect.Dialect","thread_name":"main","level":"INFO","level_value":20000}
{"@timestamp":"2022-04-03T23:51:51.652Z","@version":"1","message":"HHH000490: Using JtaPlatform implementation: [org.hibernate.engine.transaction.jta.platform.internal.NoJtaPlatform]","logger_name":"org.hibernate.engine.transaction.jta.platform.internal.JtaPlatformInitiator","thread_name":"main","level":"INFO","level_value":20000}
{"@timestamp":"2022-04-03T23:51:51.672Z","@version":"1","message":"Initialized JPA EntityManagerFactory for persistence unit 'default'","logger_name":"org.springframework.orm.jpa.LocalContainerEntityManagerFactoryBean","thread_name":"main","level":"INFO","level_value":20000}
{"@timestamp":"2022-04-03T23:51:52.275Z","@version":"1","message":"spring.jpa.open-in-view is enabled by default. Therefore, database queries may be performed during view rendering. Explicitly configure spring.jpa.open-in-view to disable this warning","logger_name":"org.springframework.boot.autoconfigure.orm.jpa.JpaBaseConfiguration$JpaWebConfiguration","thread_name":"main","level":"WARN","level_value":30000}
{"@timestamp":"2022-04-03T23:51:53.154Z","@version":"1","message":"Exposing 1 endpoint(s) beneath base path '/actuator'","logger_name":"org.springframework.boot.actuate.endpoint.web.EndpointLinksResolver","thread_name":"main","level":"INFO","level_value":20000}
{"@timestamp":"2022-04-03T23:51:53.271Z","@version":"1","message":"Tomcat started on port(s): 8080 (http) with context path ''","logger_name":"org.springframework.boot.web.embedded.tomcat.TomcatWebServer","thread_name":"main","level":"INFO","level_value":20000}
{"@timestamp":"2022-04-03T23:51:53.314Z","@version":"1","message":"Started Project1Application in 9.89 seconds (JVM running for 10.777)","logger_name":"com.revature.Project1Application","thread_name":"main","level":"INFO","level_value":20000}
{"@timestamp":"2022-04-03T23:51:53.314Z","@version":"1","message":"Started Project1Application in 9.89 seconds (JVM running for 10.777)","logger_name":"com.revature.Project1Application","thread_name":"main","level":"INFO","level_value":20000}
{"@timestamp":"2022-04-03T23:52:28.891Z","@version":"1","message":"Starting Project1Application v0.0.1-SNAPSHOT using Java 1.8.0_111 on 2fefaf392ed0 with PID 1 (/project1.jar started by root in /)","logger_name":"com.revature.Project1Application","thread_name":"main","level":"INFO","level_value":20000}
{"@timestamp":"2022-04-03T23:52:28.891Z","@version":"1","message":"Starting Project1Application v0.0.1-SNAPSHOT using Java 1.8.0_111 on 2fefaf392ed0 with PID 1 (/project1.jar started by root in /)","logger_name":"com.revature.Project1Application","thread_name":"main","level":"INFO","level_value":20000}
{"@timestamp":"2022-04-03T23:52:28.908Z","@version":"1","message":"The following 1 profile is active: \"-\"@profileActive\"\"","logger_name":"com.revature.Project1Application","thread_name":"main","level":"INFO","level_value":20000}
{"@timestamp":"2022-04-03T23:52:28.908Z","@version":"1","message":"The following 1 profile is active: \"-\"@profileActive\"\"","logger_name":"com.revature.Project1Application","thread_name":"main","level":"INFO","level_value":20000}
{"@timestamp":"2022-04-03T23:52:30.138Z","@version":"1","message":"Bootstrapping Spring Data JPA repositories in DEFAULT mode.","logger_name":"org.springframework.data.repository.config.RepositoryConfigurationDelegate","thread_name":"main","level":"INFO","level_value":20000}
{"@timestamp":"2022-04-03T23:52:30.217Z","@version":"1","message":"Finished Spring Data repository scanning in 56 ms. Found 2 JPA repository interfaces.","logger_name":"org.springframework.data.repository.config.RepositoryConfigurationDelegate","thread_name":"main","level":"INFO","level_value":20000}
{"@timestamp":"2022-04-03T23:52:31.02Z","@version":"1","message":"Tomcat initialized with port(s): 8080 (http)","logger_name":"org.springframework.boot.web.embedded.tomcat.TomcatWebServer","thread_name":"main","level":"INFO","level_value":20000}
{"@timestamp":"2022-04-03T23:52:31.052Z","@version":"1","message":"Starting service [Tomcat]","logger_name":"org.apache.catalina.core.StandardService","thread_name":"main","level":"INFO","level_value":20000}
{"@timestamp":"2022-04-03T23:52:31.053Z","@version":"1","message":"Starting Servlet engine: [Apache Tomcat/9.0.60]","logger_name":"org.apache.catalina.core.StandardEngine","thread_name":"main","level":"INFO","level_value":20000}
{"@timestamp":"2022-04-03T23:52:31.192Z","@version":"1","message":"Initializing Spring embedded WebApplicationContext","logger_name":"org.apache.catalina.core.ContainerBase.[Tomcat].[localhost].[/]","thread_name":"main","level":"INFO","level_value":20000}
{"@timestamp":"2022-04-03T23:52:31.194Z","@version":"1","message":"Root WebApplicationContext: initialization completed in 2189 ms","logger_name":"org.springframework.boot.web.servlet.context.ServletWebServerApplicationContext","thread_name":"main","level":"INFO","level_value":20000}
{"@timestamp":"2022-04-03T23:52:31.856Z","@version":"1","message":"HHH000204: Processing PersistenceUnitInfo [name: default]","logger_name":"org.hibernate.jpa.internal.util.LogHelper","thread_name":"main","level":"INFO","level_value":20000}
{"@timestamp":"2022-04-03T23:52:31.939Z","@version":"1","message":"HHH000412: Hibernate ORM core version 5.6.7.Final","logger_name":"org.hibernate.Version","thread_name":"main","level":"INFO","level_value":20000}
{"@timestamp":"2022-04-03T23:52:32.218Z","@version":"1","message":"HCANN000001: Hibernate Commons Annotations {5.1.2.Final}","logger_name":"org.hibernate.annotations.common.Version","thread_name":"main","level":"INFO","level_value":20000}
{"@timestamp":"2022-04-03T23:52:32.366Z","@version":"1","message":"HikariPool-1 - Starting...","logger_name":"com.zaxxer.hikari.HikariDataSource","thread_name":"main","level":"INFO","level_value":20000}
{"@timestamp":"2022-04-03T23:52:33.206Z","@version":"1","message":"HikariPool-1 - Start completed.","logger_name":"com.zaxxer.hikari.HikariDataSource","thread_name":"main","level":"INFO","level_value":20000}
{"@timestamp":"2022-04-03T23:52:33.242Z","@version":"1","message":"HHH000400: Using dialect: org.hibernate.dialect.PostgreSQLDialect","logger_name":"org.hibernate.dialect.Dialect","thread_name":"main","level":"INFO","level_value":20000}
{"@timestamp":"2022-04-03T23:52:34.472Z","@version":"1","message":"HHH000490: Using JtaPlatform implementation: [org.hibernate.engine.transaction.jta.platform.internal.NoJtaPlatform]","logger_name":"org.hibernate.engine.transaction.jta.platform.internal.JtaPlatformInitiator","thread_name":"main","level":"INFO","level_value":20000}
{"@timestamp":"2022-04-03T23:52:34.493Z","@version":"1","message":"Initialized JPA EntityManagerFactory for persistence unit 'default'","logger_name":"org.springframework.orm.jpa.LocalContainerEntityManagerFactoryBean","thread_name":"main","level":"INFO","level_value":20000}
{"@timestamp":"2022-04-03T23:52:35.059Z","@version":"1","message":"spring.jpa.open-in-view is enabled by default. Therefore, database queries may be performed during view rendering. Explicitly configure spring.jpa.open-in-view to disable this warning","logger_name":"org.springframework.boot.autoconfigure.orm.jpa.JpaBaseConfiguration$JpaWebConfiguration","thread_name":"main","level":"WARN","level_value":30000}
{"@timestamp":"2022-04-03T23:52:36.137Z","@version":"1","message":"Exposing 1 endpoint(s) beneath base path '/actuator'","logger_name":"org.springframework.boot.actuate.endpoint.web.EndpointLinksResolver","thread_name":"main","level":"INFO","level_value":20000}
{"@timestamp":"2022-04-03T23:52:36.242Z","@version":"1","message":"Tomcat started on port(s): 8080 (http) with context path ''","logger_name":"org.springframework.boot.web.embedded.tomcat.TomcatWebServer","thread_name":"main","level":"INFO","level_value":20000}
{"@timestamp":"2022-04-03T23:52:36.295Z","@version":"1","message":"Started Project1Application in 8.576 seconds (JVM running for 9.371)","logger_name":"com.revature.Project1Application","thread_name":"main","level":"INFO","level_value":20000}
{"@timestamp":"2022-04-03T23:52:36.295Z","@version":"1","message":"Started Project1Application in 8.576 seconds (JVM running for 9.371)","logger_name":"com.revature.Project1Application","thread_name":"main","level":"INFO","level_value":20000}
{"@timestamp":"2022-04-03T23:54:29.868Z","@version":"1","message":"Starting Project1Application v0.0.1-SNAPSHOT using Java 1.8.0_111 on 03ed4e356abe with PID 1 (/project1.jar started by root in /)","logger_name":"com.revature.Project1Application","thread_name":"main","level":"INFO","level_value":20000}
{"@timestamp":"2022-04-03T23:54:29.868Z","@version":"1","message":"Starting Project1Application v0.0.1-SNAPSHOT using Java 1.8.0_111 on 03ed4e356abe with PID 1 (/project1.jar started by root in /)","logger_name":"com.revature.Project1Application","thread_name":"main","level":"INFO","level_value":20000}
{"@timestamp":"2022-04-03T23:54:29.887Z","@version":"1","message":"The following 1 profile is active: \"-\"@profileActive\"\"","logger_name":"com.revature.Project1Application","thread_name":"main","level":"INFO","level_value":20000}
{"@timestamp":"2022-04-03T23:54:29.887Z","@version":"1","message":"The following 1 profile is active: \"-\"@profileActive\"\"","logger_name":"com.revature.Project1Application","thread_name":"main","level":"INFO","level_value":20000}
{"@timestamp":"2022-04-03T23:54:31.386Z","@version":"1","message":"Bootstrapping Spring Data JPA repositories in DEFAULT mode.","logger_name":"org.springframework.data.repository.config.RepositoryConfigurationDelegate","thread_name":"main","level":"INFO","level_value":20000}
{"@timestamp":"2022-04-03T23:54:31.461Z","@version":"1","message":"Finished Spring Data repository scanning in 59 ms. Found 2 JPA repository interfaces.","logger_name":"org.springframework.data.repository.config.RepositoryConfigurationDelegate","thread_name":"main","level":"INFO","level_value":20000}
{"@timestamp":"2022-04-03T23:54:32.596Z","@version":"1","message":"Tomcat initialized with port(s): 8080 (http)","logger_name":"org.springframework.boot.web.embedded.tomcat.TomcatWebServer","thread_name":"main","level":"INFO","level_value":20000}
{"@timestamp":"2022-04-03T23:54:32.623Z","@version":"1","message":"Starting service [Tomcat]","logger_name":"org.apache.catalina.core.StandardService","thread_name":"main","level":"INFO","level_value":20000}
{"@timestamp":"2022-04-03T23:54:32.624Z","@version":"1","message":"Starting Servlet engine: [Apache Tomcat/9.0.60]","logger_name":"org.apache.catalina.core.StandardEngine","thread_name":"main","level":"INFO","level_value":20000}
{"@timestamp":"2022-04-03T23:54:32.814Z","@version":"1","message":"Initializing Spring embedded WebApplicationContext","logger_name":"org.apache.catalina.core.ContainerBase.[Tomcat].[localhost].[/]","thread_name":"main","level":"INFO","level_value":20000}
{"@timestamp":"2022-04-03T23:54:32.817Z","@version":"1","message":"Root WebApplicationContext: initialization completed in 2851 ms","logger_name":"org.springframework.boot.web.servlet.context.ServletWebServerApplicationContext","thread_name":"main","level":"INFO","level_value":20000}
{"@timestamp":"2022-04-03T23:54:33.615Z","@version":"1","message":"HHH000204: Processing PersistenceUnitInfo [name: default]","logger_name":"org.hibernate.jpa.internal.util.LogHelper","thread_name":"main","level":"INFO","level_value":20000}
{"@timestamp":"2022-04-03T23:54:33.684Z","@version":"1","message":"HHH000412: Hibernate ORM core version 5.6.7.Final","logger_name":"org.hibernate.Version","thread_name":"main","level":"INFO","level_value":20000}
{"@timestamp":"2022-04-03T23:54:33.897Z","@version":"1","message":"HCANN000001: Hibernate Commons Annotations {5.1.2.Final}","logger_name":"org.hibernate.annotations.common.Version","thread_name":"main","level":"INFO","level_value":20000}
{"@timestamp":"2022-04-03T23:54:34.028Z","@version":"1","message":"HikariPool-1 - Starting...","logger_name":"com.zaxxer.hikari.HikariDataSource","thread_name":"main","level":"INFO","level_value":20000}
{"@timestamp":"2022-04-03T23:54:34.87Z","@version":"1","message":"HikariPool-1 - Start completed.","logger_name":"com.zaxxer.hikari.HikariDataSource","thread_name":"main","level":"INFO","level_value":20000}
{"@timestamp":"2022-04-03T23:54:34.906Z","@version":"1","message":"HHH000400: Using dialect: org.hibernate.dialect.PostgreSQLDialect","logger_name":"org.hibernate.dialect.Dialect","thread_name":"main","level":"INFO","level_value":20000}
{"@timestamp":"2022-04-03T23:54:36.774Z","@version":"1","message":"HHH000490: Using JtaPlatform implementation: [org.hibernate.engine.transaction.jta.platform.internal.NoJtaPlatform]","logger_name":"org.hibernate.engine.transaction.jta.platform.internal.JtaPlatformInitiator","thread_name":"main","level":"INFO","level_value":20000}
{"@timestamp":"2022-04-03T23:54:36.789Z","@version":"1","message":"Initialized JPA EntityManagerFactory for persistence unit 'default'","logger_name":"org.springframework.orm.jpa.LocalContainerEntityManagerFactoryBean","thread_name":"main","level":"INFO","level_value":20000}
{"@timestamp":"2022-04-03T23:54:37.53Z","@version":"1","message":"spring.jpa.open-in-view is enabled by default. Therefore, database queries may be performed during view rendering. Explicitly configure spring.jpa.open-in-view to disable this warning","logger_name":"org.springframework.boot.autoconfigure.orm.jpa.JpaBaseConfiguration$JpaWebConfiguration","thread_name":"main","level":"WARN","level_value":30000}
{"@timestamp":"2022-04-03T23:54:38.401Z","@version":"1","message":"Exposing 1 endpoint(s) beneath base path '/actuator'","logger_name":"org.springframework.boot.actuate.endpoint.web.EndpointLinksResolver","thread_name":"main","level":"INFO","level_value":20000}
{"@timestamp":"2022-04-03T23:54:38.501Z","@version":"1","message":"Tomcat started on port(s): 8080 (http) with context path ''","logger_name":"org.springframework.boot.web.embedded.tomcat.TomcatWebServer","thread_name":"main","level":"INFO","level_value":20000}
{"@timestamp":"2022-04-03T23:54:38.523Z","@version":"1","message":"Started Project1Application in 10.59 seconds (JVM running for 12.111)","logger_name":"com.revature.Project1Application","thread_name":"main","level":"INFO","level_value":20000}
{"@timestamp":"2022-04-03T23:54:38.523Z","@version":"1","message":"Started Project1Application in 10.59 seconds (JVM running for 12.111)","logger_name":"com.revature.Project1Application","thread_name":"main","level":"INFO","level_value":20000}
{"@timestamp":"2022-04-03T23:58:34.473Z","@version":"1","message":"Closing JPA EntityManagerFactory for persistence unit 'default'","logger_name":"org.springframework.orm.jpa.LocalContainerEntityManagerFactoryBean","thread_name":"SpringApplicationShutdownHook","level":"INFO","level_value":20000}
{"@timestamp":"2022-04-03T23:58:34.485Z","@version":"1","message":"HikariPool-1 - Shutdown initiated...","logger_name":"com.zaxxer.hikari.HikariDataSource","thread_name":"SpringApplicationShutdownHook","level":"INFO","level_value":20000}
{"@timestamp":"2022-04-03T23:58:34.552Z","@version":"1","message":"HikariPool-1 - Shutdown completed.","logger_name":"com.zaxxer.hikari.HikariDataSource","thread_name":"SpringApplicationShutdownHook","level":"INFO","level_value":20000}
{"@timestamp":"2022-04-03T23:59:01.68Z","@version":"1","message":"Starting Project1Application v0.0.1-SNAPSHOT using Java 1.8.0_111 on 71d856659f88 with PID 1 (/project1.jar started by root in /)","logger_name":"com.revature.Project1Application","thread_name":"main","level":"INFO","level_value":20000}
{"@timestamp":"2022-04-03T23:59:01.68Z","@version":"1","message":"Starting Project1Application v0.0.1-SNAPSHOT using Java 1.8.0_111 on 71d856659f88 with PID 1 (/project1.jar started by root in /)","logger_name":"com.revature.Project1Application","thread_name":"main","level":"INFO","level_value":20000}
{"@timestamp":"2022-04-03T23:59:01.699Z","@version":"1","message":"The following 1 profile is active: \"-\"@profileActive\"\"","logger_name":"com.revature.Project1Application","thread_name":"main","level":"INFO","level_value":20000}
{"@timestamp":"2022-04-03T23:59:01.699Z","@version":"1","message":"The following 1 profile is active: \"-\"@profileActive\"\"","logger_name":"com.revature.Project1Application","thread_name":"main","level":"INFO","level_value":20000}
{"@timestamp":"2022-04-03T23:59:03.507Z","@version":"1","message":"Bootstrapping Spring Data JPA repositories in DEFAULT mode.","logger_name":"org.springframework.data.repository.config.RepositoryConfigurationDelegate","thread_name":"main","level":"INFO","level_value":20000}
{"@timestamp":"2022-04-03T23:59:03.734Z","@version":"1","message":"Finished Spring Data repository scanning in 216 ms. Found 2 JPA repository interfaces.","logger_name":"org.springframework.data.repository.config.RepositoryConfigurationDelegate","thread_name":"main","level":"INFO","level_value":20000}
{"@timestamp":"2022-04-03T23:59:04.688Z","@version":"1","message":"Tomcat initialized with port(s): 8080 (http)","logger_name":"org.springframework.boot.web.embedded.tomcat.TomcatWebServer","thread_name":"main","level":"INFO","level_value":20000}
{"@timestamp":"2022-04-03T23:59:04.706Z","@version":"1","message":"Starting service [Tomcat]","logger_name":"org.apache.catalina.core.StandardService","thread_name":"main","level":"INFO","level_value":20000}
{"@timestamp":"2022-04-03T23:59:04.708Z","@version":"1","message":"Starting Servlet engine: [Apache Tomcat/9.0.60]","logger_name":"org.apache.catalina.core.StandardEngine","thread_name":"main","level":"INFO","level_value":20000}
{"@timestamp":"2022-04-03T23:59:04.868Z","@version":"1","message":"Initializing Spring embedded WebApplicationContext","logger_name":"org.apache.catalina.core.ContainerBase.[Tomcat].[localhost].[/]","thread_name":"main","level":"INFO","level_value":20000}
{"@timestamp":"2022-04-03T23:59:04.87Z","@version":"1","message":"Root WebApplicationContext: initialization completed in 3106 ms","logger_name":"org.springframework.boot.web.servlet.context.ServletWebServerApplicationContext","thread_name":"main","level":"INFO","level_value":20000}
{"@timestamp":"2022-04-03T23:59:05.625Z","@version":"1","message":"HHH000204: Processing PersistenceUnitInfo [name: default]","logger_name":"org.hibernate.jpa.internal.util.LogHelper","thread_name":"main","level":"INFO","level_value":20000}
{"@timestamp":"2022-04-03T23:59:05.687Z","@version":"1","message":"HHH000412: Hibernate ORM core version 5.6.7.Final","logger_name":"org.hibernate.Version","thread_name":"main","level":"INFO","level_value":20000}
{"@timestamp":"2022-04-03T23:59:05.982Z","@version":"1","message":"HCANN000001: Hibernate Commons Annotations {5.1.2.Final}","logger_name":"org.hibernate.annotations.common.Version","thread_name":"main","level":"INFO","level_value":20000}
{"@timestamp":"2022-04-03T23:59:06.109Z","@version":"1","message":"HikariPool-1 - Starting...","logger_name":"com.zaxxer.hikari.HikariDataSource","thread_name":"main","level":"INFO","level_value":20000}
{"@timestamp":"2022-04-03T23:59:07.027Z","@version":"1","message":"HikariPool-1 - Start completed.","logger_name":"com.zaxxer.hikari.HikariDataSource","thread_name":"main","level":"INFO","level_value":20000}
{"@timestamp":"2022-04-03T23:59:07.068Z","@version":"1","message":"HHH000400: Using dialect: org.hibernate.dialect.PostgreSQLDialect","logger_name":"org.hibernate.dialect.Dialect","thread_name":"main","level":"INFO","level_value":20000}
{"@timestamp":"2022-04-03T23:59:08.137Z","@version":"1","message":"HHH000490: Using JtaPlatform implementation: [org.hibernate.engine.transaction.jta.platform.internal.NoJtaPlatform]","logger_name":"org.hibernate.engine.transaction.jta.platform.internal.JtaPlatformInitiator","thread_name":"main","level":"INFO","level_value":20000}
{"@timestamp":"2022-04-03T23:59:08.148Z","@version":"1","message":"Initialized JPA EntityManagerFactory for persistence unit 'default'","logger_name":"org.springframework.orm.jpa.LocalContainerEntityManagerFactoryBean","thread_name":"main","level":"INFO","level_value":20000}
{"@timestamp":"2022-04-03T23:59:08.751Z","@version":"1","message":"spring.jpa.open-in-view is enabled by default. Therefore, database queries may be performed during view rendering. Explicitly configure spring.jpa.open-in-view to disable this warning","logger_name":"org.springframework.boot.autoconfigure.orm.jpa.JpaBaseConfiguration$JpaWebConfiguration","thread_name":"main","level":"WARN","level_value":30000}
{"@timestamp":"2022-04-03T23:59:09.568Z","@version":"1","message":"Exposing 1 endpoint(s) beneath base path '/actuator'","logger_name":"org.springframework.boot.actuate.endpoint.web.EndpointLinksResolver","thread_name":"main","level":"INFO","level_value":20000}
{"@timestamp":"2022-04-03T23:59:09.637Z","@version":"1","message":"Tomcat started on port(s): 8080 (http) with context path ''","logger_name":"org.springframework.boot.web.embedded.tomcat.TomcatWebServer","thread_name":"main","level":"INFO","level_value":20000}
{"@timestamp":"2022-04-03T23:59:09.671Z","@version":"1","message":"Started Project1Application in 9.133 seconds (JVM running for 10.216)","logger_name":"com.revature.Project1Application","thread_name":"main","level":"INFO","level_value":20000}
{"@timestamp":"2022-04-03T23:59:09.671Z","@version":"1","message":"Started Project1Application in 9.133 seconds (JVM running for 10.216)","logger_name":"com.revature.Project1Application","thread_name":"main","level":"INFO","level_value":20000}
{"@timestamp":"2022-04-04T00:01:18.744Z","@version":"1","message":"Initializing Spring DispatcherServlet 'dispatcherServlet'","logger_name":"org.apache.catalina.core.ContainerBase.[Tomcat].[localhost].[/]","thread_name":"http-nio-8080-exec-1","level":"INFO","level_value":20000}
{"@timestamp":"2022-04-04T00:01:18.745Z","@version":"1","message":"Initializing Servlet 'dispatcherServlet'","logger_name":"org.springframework.web.servlet.DispatcherServlet","thread_name":"http-nio-8080-exec-1","level":"INFO","level_value":20000}
{"@timestamp":"2022-04-04T00:01:18.748Z","@version":"1","message":"Completed initialization in 3 ms","logger_name":"org.springframework.web.servlet.DispatcherServlet","thread_name":"http-nio-8080-exec-1","level":"INFO","level_value":20000}
{"@timestamp":"2022-04-04T00:01:18.797Z","@version":"1","message":"HTTP Request for all beers","logger_name":"com.revature.controllers.BeerController","thread_name":"http-nio-8080-exec-1","level":"INFO","level_value":20000}
{"@timestamp":"2022-04-04T00:01:18.797Z","@version":"1","message":"HTTP Request for all beers","logger_name":"com.revature.controllers.BeerController","thread_name":"http-nio-8080-exec-1","level":"INFO","level_value":20000}
