{"@timestamp":"2022-04-03T18:31:43.581-05:00","@version":"1","message":"Starting Project1Application using Java 17.0.1 on CZ with PID 12960 (C:\\Users\\Craig\\Documents\\Craig-Zamora\\Project1\\target\\classes started by Craig in C:\\Users\\Craig\\Documents\\Craig-Zamora\\Project1)","logger_name":"com.revature.Project1Application","thread_name":"restartedMain","level":"INFO","level_value":20000}
{"@timestamp":"2022-04-03T18:31:43.581-05:00","@version":"1","message":"Starting Project1Application using Java 17.0.1 on CZ with PID 12960 (C:\\Users\\Craig\\Documents\\Craig-Zamora\\Project1\\target\\classes started by Craig in C:\\Users\\Craig\\Documents\\Craig-Zamora\\Project1)","logger_name":"com.revature.Project1Application","thread_name":"restartedMain","level":"INFO","level_value":20000}
{"@timestamp":"2022-04-03T18:31:43.599-05:00","@version":"1","message":"The following 1 profile is active: \"-\"@profileActive\"\"","logger_name":"com.revature.Project1Application","thread_name":"restartedMain","level":"INFO","level_value":20000}
{"@timestamp":"2022-04-03T18:31:43.599-05:00","@version":"1","message":"The following 1 profile is active: \"-\"@profileActive\"\"","logger_name":"com.revature.Project1Application","thread_name":"restartedMain","level":"INFO","level_value":20000}
{"@timestamp":"2022-04-03T18:31:43.665-05:00","@version":"1","message":"Devtools property defaults active! Set 'spring.devtools.add-properties' to 'false' to disable","logger_name":"org.springframework.boot.devtools.env.DevToolsPropertyDefaultsPostProcessor","thread_name":"restartedMain","level":"INFO","level_value":20000}
{"@timestamp":"2022-04-03T18:31:43.666-05:00","@version":"1","message":"For additional web related logging consider setting the 'logging.level.web' property to 'DEBUG'","logger_name":"org.springframework.boot.devtools.env.DevToolsPropertyDefaultsPostProcessor","thread_name":"restartedMain","level":"INFO","level_value":20000}
{"@timestamp":"2022-04-03T18:31:44.727-05:00","@version":"1","message":"Bootstrapping Spring Data JPA repositories in DEFAULT mode.","logger_name":"org.springframework.data.repository.config.RepositoryConfigurationDelegate","thread_name":"restartedMain","level":"INFO","level_value":20000}
{"@timestamp":"2022-04-03T18:31:44.789-05:00","@version":"1","message":"Finished Spring Data repository scanning in 50 ms. Found 2 JPA repository interfaces.","logger_name":"org.springframework.data.repository.config.RepositoryConfigurationDelegate","thread_name":"restartedMain","level":"INFO","level_value":20000}
{"@timestamp":"2022-04-03T18:31:45.604-05:00","@version":"1","message":"Tomcat initialized with port(s): 8080 (http)","logger_name":"org.springframework.boot.web.embedded.tomcat.TomcatWebServer","thread_name":"restartedMain","level":"INFO","level_value":20000}
{"@timestamp":"2022-04-03T18:31:45.617-05:00","@version":"1","message":"Starting service [Tomcat]","logger_name":"org.apache.catalina.core.StandardService","thread_name":"restartedMain","level":"INFO","level_value":20000}
{"@timestamp":"2022-04-03T18:31:45.617-05:00","@version":"1","message":"Starting Servlet engine: [Apache Tomcat/9.0.60]","logger_name":"org.apache.catalina.core.StandardEngine","thread_name":"restartedMain","level":"INFO","level_value":20000}
{"@timestamp":"2022-04-03T18:31:45.732-05:00","@version":"1","message":"Initializing Spring embedded WebApplicationContext","logger_name":"org.apache.catalina.core.ContainerBase.[Tomcat].[localhost].[/]","thread_name":"restartedMain","level":"INFO","level_value":20000}
{"@timestamp":"2022-04-03T18:31:45.733-05:00","@version":"1","message":"Root WebApplicationContext: initialization completed in 2066 ms","logger_name":"org.springframework.boot.web.servlet.context.ServletWebServerApplicationContext","thread_name":"restartedMain","level":"INFO","level_value":20000}
{"@timestamp":"2022-04-03T18:31:45.888-05:00","@version":"1","message":"HikariPool-1 - Starting...","logger_name":"com.zaxxer.hikari.HikariDataSource","thread_name":"restartedMain","level":"INFO","level_value":20000}
{"@timestamp":"2022-04-03T18:31:46.878-05:00","@version":"1","message":"HikariPool-1 - Start completed.","logger_name":"com.zaxxer.hikari.HikariDataSource","thread_name":"restartedMain","level":"INFO","level_value":20000}
{"@timestamp":"2022-04-03T18:31:46.893-05:00","@version":"1","message":"H2 console available at '/h2-console'. Database available at 'jdbc:postgresql://database-1.c9tpx757eyqd.us-east-1.rds.amazonaws.com:5432/postgres'","logger_name":"org.springframework.boot.autoconfigure.h2.H2ConsoleAutoConfiguration","thread_name":"restartedMain","level":"INFO","level_value":20000}
{"@timestamp":"2022-04-03T18:31:47.15-05:00","@version":"1","message":"HHH000204: Processing PersistenceUnitInfo [name: default]","logger_name":"org.hibernate.jpa.internal.util.LogHelper","thread_name":"restartedMain","level":"INFO","level_value":20000}
{"@timestamp":"2022-04-03T18:31:47.222-05:00","@version":"1","message":"HHH000412: Hibernate ORM core version 5.6.7.Final","logger_name":"org.hibernate.Version","thread_name":"restartedMain","level":"INFO","level_value":20000}
{"@timestamp":"2022-04-03T18:31:47.477-05:00","@version":"1","message":"HCANN000001: Hibernate Commons Annotations {5.1.2.Final}","logger_name":"org.hibernate.annotations.common.Version","thread_name":"restartedMain","level":"INFO","level_value":20000}
{"@timestamp":"2022-04-03T18:31:47.696-05:00","@version":"1","message":"HHH000400: Using dialect: org.hibernate.dialect.PostgreSQLDialect","logger_name":"org.hibernate.dialect.Dialect","thread_name":"restartedMain","level":"INFO","level_value":20000}
{"@timestamp":"2022-04-03T18:31:48.876-05:00","@version":"1","message":"HHH000490: Using JtaPlatform implementation: [org.hibernate.engine.transaction.jta.platform.internal.NoJtaPlatform]","logger_name":"org.hibernate.engine.transaction.jta.platform.internal.JtaPlatformInitiator","thread_name":"restartedMain","level":"INFO","level_value":20000}
{"@timestamp":"2022-04-03T18:31:48.904-05:00","@version":"1","message":"Initialized JPA EntityManagerFactory for persistence unit 'default'","logger_name":"org.springframework.orm.jpa.LocalContainerEntityManagerFactoryBean","thread_name":"restartedMain","level":"INFO","level_value":20000}
{"@timestamp":"2022-04-03T18:31:49.363-05:00","@version":"1","message":"spring.jpa.open-in-view is enabled by default. Therefore, database queries may be performed during view rendering. Explicitly configure spring.jpa.open-in-view to disable this warning","logger_name":"org.springframework.boot.autoconfigure.orm.jpa.JpaBaseConfiguration$JpaWebConfiguration","thread_name":"restartedMain","level":"WARN","level_value":30000}
{"@timestamp":"2022-04-03T18:31:50.045-05:00","@version":"1","message":"LiveReload server is running on port 35729","logger_name":"org.springframework.boot.devtools.autoconfigure.OptionalLiveReloadServer","thread_name":"restartedMain","level":"INFO","level_value":20000}
{"@timestamp":"2022-04-03T18:31:50.053-05:00","@version":"1","message":"Exposing 1 endpoint(s) beneath base path '/actuator'","logger_name":"org.springframework.boot.actuate.endpoint.web.EndpointLinksResolver","thread_name":"restartedMain","level":"INFO","level_value":20000}
{"@timestamp":"2022-04-03T18:31:50.15-05:00","@version":"1","message":"Tomcat started on port(s): 8080 (http) with context path ''","logger_name":"org.springframework.boot.web.embedded.tomcat.TomcatWebServer","thread_name":"restartedMain","level":"INFO","level_value":20000}
{"@timestamp":"2022-04-03T18:31:50.172-05:00","@version":"1","message":"Started Project1Application in 7.444 seconds (JVM running for 8.563)","logger_name":"com.revature.Project1Application","thread_name":"restartedMain","level":"INFO","level_value":20000}
{"@timestamp":"2022-04-03T18:31:50.172-05:00","@version":"1","message":"Started Project1Application in 7.444 seconds (JVM running for 8.563)","logger_name":"com.revature.Project1Application","thread_name":"restartedMain","level":"INFO","level_value":20000}
{"@timestamp":"2022-04-03T18:31:51.589-05:00","@version":"1","message":"Initializing Spring DispatcherServlet 'dispatcherServlet'","logger_name":"org.apache.catalina.core.ContainerBase.[Tomcat].[localhost].[/]","thread_name":"RMI TCP Connection(3)-127.0.0.1","level":"INFO","level_value":20000}
{"@timestamp":"2022-04-03T18:31:51.59-05:00","@version":"1","message":"Initializing Servlet 'dispatcherServlet'","logger_name":"org.springframework.web.servlet.DispatcherServlet","thread_name":"RMI TCP Connection(3)-127.0.0.1","level":"INFO","level_value":20000}
{"@timestamp":"2022-04-03T18:31:51.592-05:00","@version":"1","message":"Completed initialization in 2 ms","logger_name":"org.springframework.web.servlet.DispatcherServlet","thread_name":"RMI TCP Connection(3)-127.0.0.1","level":"INFO","level_value":20000}
{"@timestamp":"2022-04-03T18:32:19.423-05:00","@version":"1","message":"HTTP Request for all beers","logger_name":"com.revature.controllers.BeerController","thread_name":"http-nio-8080-exec-2","level":"INFO","level_value":20000}
{"@timestamp":"2022-04-03T18:32:19.423-05:00","@version":"1","message":"HTTP Request for all beers","logger_name":"com.revature.controllers.BeerController","thread_name":"http-nio-8080-exec-2","level":"INFO","level_value":20000}
{"@timestamp":"2022-04-03T18:32:27.14-05:00","@version":"1","message":"Application shutdown requested.","logger_name":"org.springframework.boot.admin.SpringApplicationAdminMXBeanRegistrar$SpringApplicationAdmin","thread_name":"RMI TCP Connection(10)-127.0.0.1","level":"INFO","level_value":20000}
{"@timestamp":"2022-04-03T18:32:27.201-05:00","@version":"1","message":"Closing JPA EntityManagerFactory for persistence unit 'default'","logger_name":"org.springframework.orm.jpa.LocalContainerEntityManagerFactoryBean","thread_name":"RMI TCP Connection(10)-127.0.0.1","level":"INFO","level_value":20000}
{"@timestamp":"2022-04-03T18:32:27.206-05:00","@version":"1","message":"HikariPool-1 - Shutdown initiated...","logger_name":"com.zaxxer.hikari.HikariDataSource","thread_name":"RMI TCP Connection(10)-127.0.0.1","level":"INFO","level_value":20000}
{"@timestamp":"2022-04-03T18:32:27.228-05:00","@version":"1","message":"HikariPool-1 - Shutdown completed.","logger_name":"com.zaxxer.hikari.HikariDataSource","thread_name":"RMI TCP Connection(10)-127.0.0.1","level":"INFO","level_value":20000}
